2026-05-04 22:48:10,238 - INFO - NovelHelper 启动成功
2026-05-04 22:48:28,542 - INFO - 监控已启动
2026-05-04 23:35:25,743 - INFO - 刷新关键词，共 5 个
2026-05-04 23:35:25,769 - INFO - NovelHelper 启动成功
2026-05-04 23:35:40,041 - INFO - 刷新关键词，共 5 个
2026-05-04 23:35:47,600 - INFO - 创建示例配置: e:\.novel_saver\NovelStorage\novelhelper\.novel-enhancer.json
2026-05-04 23:35:52,221 - INFO - 刷新关键词，共 4 个
2026-05-04 23:35:59,729 - INFO - 创建示例配置: e:\.novel_saver\NovelStorage\novelhelper\.novel-enhancer.json
2026-05-04 23:36:37,468 - INFO - 刷新关键词，共 4 个
2026-05-04 23:39:38,764 - INFO - NovelHelper 关闭
2026-05-04 23:48:42,570 - INFO - 刷新关键词，共 0 个
2026-05-04 23:48:42,595 - INFO - NovelHelper 启动成功
2026-05-04 23:48:51,195 - INFO - 目录 E:/.novel_saver/NovelStorage/novel/new 已包含卷文件夹，无需初始化
2026-05-04 23:48:55,810 - INFO - 创建示例配置: E:/.novel_saver/NovelStorage/novel/new\.novel-enhancer.json
2026-05-04 23:48:58,271 - INFO - 刷新关键词，共 4 个
2026-05-04 23:51:41,610 - INFO - NovelHelper 关闭
2026-05-04 23:52:05,345 - INFO - 刷新关键词，共 0 个
2026-05-04 23:52:05,370 - INFO - NovelHelper 启动成功
2026-05-04 23:52:14,361 - INFO - 创建示例配置 (zh_CN): E:/.novel_saver/NovelStorage/novel/new\.novel-enhancer.json
2026-05-04 23:52:15,523 - INFO - 刷新关键词，共 6 个
2026-05-04 23:55:42,778 - INFO - NovelHelper 关闭
2026-05-04 23:55:53,475 - INFO - 刷新关键词，共 6 个
2026-05-04 23:55:53,504 - INFO - NovelHelper 启动成功
2026-05-04 23:56:15,265 - INFO - NovelHelper 关闭
2026-05-04 23:56:41,141 - INFO - 刷新关键词，共 6 个
2026-05-04 23:56:41,176 - INFO - NovelHelper 启动成功
2026-05-05 00:00:15,737 - INFO - NovelHelper 关闭
