2026-05-07 08:36:10,908 - INFO - 小说助手 started
2026-05-07 08:36:19,701 - INFO - 神经网络图已构建
2026-05-07 08:36:23,392 - INFO - 神经网络图已构建
2026-05-07 08:36:43,953 - INFO - 小说助手 started
2026-05-07 08:45:15,013 - INFO - 小说助手 started
2026-05-07 08:45:20,812 - INFO - 神经网络图已构建
2026-05-07 08:49:05,254 - INFO - 小说助手 started
2026-05-07 08:49:12,711 - INFO - 神经网络图已构建
2026-05-07 08:53:45,411 - INFO - 小说助手 started
2026-05-07 08:53:49,981 - INFO - 神经网络图已构建
2026-05-07 08:58:45,619 - INFO - 小说助手 started
2026-05-07 08:58:49,322 - INFO - 神经网络图已构建
2026-05-07 08:59:20,345 - INFO - 小说助手 started
2026-05-07 08:59:40,076 - INFO - Configuration saved and applied
2026-05-07 08:59:41,861 - INFO - 神经网络图已构建
2026-05-07 09:02:35,899 - INFO - 小说助手 started
2026-05-07 09:02:39,190 - INFO - 神经网络图已构建
2026-05-07 09:11:15,072 - INFO - 小说助手 started
2026-05-07 09:11:19,784 - INFO - 神经网络图已构建
2026-05-07 09:12:40,742 - INFO - 关键词已保存到 E:/.novel_saver/NovelStorage/novel/new\.novel-enhancer.json
2026-05-07 09:16:12,846 - INFO - UI框架已显示，开始延迟加载其他标签页...
2026-05-07 09:21:32,139 - INFO - UI框架已显示，开始延迟加载其他标签页...
2026-05-07 09:21:32,149 - INFO - 小说助手 started
2026-05-07 09:21:33,008 - INFO - 正在延迟加载标签页: summary
2026-05-07 09:21:33,076 - INFO - 正在延迟加载标签页: monitor
2026-05-07 09:21:33,161 - INFO - 正在延迟加载标签页: keyword
2026-05-07 09:21:33,231 - INFO - 正在延迟加载标签页: config
2026-05-07 09:21:33,352 - INFO - 正在延迟加载标签页: help
2026-05-07 09:21:40,234 - INFO - 首次加载关键词数据...
2026-05-07 09:21:42,291 - INFO - 开始异步构建网络图...
2026-05-07 09:21:42,404 - INFO - 开始分步构建网络图，共 150 次迭代，每批 10 次
2026-05-07 09:21:42,404 - INFO - 网络图已开始异步构建（分步渲染）
2026-05-07 09:21:43,361 - INFO - 布局计算完成，共 150 次迭代
2026-05-07 09:22:11,728 - INFO - UI框架已显示，开始延迟加载其他标签页...
2026-05-07 09:22:11,736 - INFO - 小说助手 started
2026-05-07 09:22:12,454 - INFO - 正在延迟加载标签页: summary
2026-05-07 09:22:12,518 - INFO - 正在延迟加载标签页: monitor
2026-05-07 09:22:12,599 - INFO - 正在延迟加载标签页: keyword
2026-05-07 09:22:12,668 - INFO - 正在延迟加载标签页: config
2026-05-07 09:22:12,772 - INFO - 正在延迟加载标签页: help
2026-05-07 09:22:41,939 - INFO - 首次加载关键词数据...
2026-05-07 09:23:23,241 - INFO - 开始异步构建网络图...
2026-05-07 09:23:23,350 - INFO - 开始分步构建网络图，共 150 次迭代，每批 10 次
2026-05-07 09:23:23,351 - INFO - 网络图已开始异步构建（分步渲染）
2026-05-07 09:23:24,477 - INFO - 布局计算完成，共 150 次迭代
2026-05-07 09:26:57,125 - INFO - UI框架已显示，开始延迟加载其他标签页...
2026-05-07 09:26:57,133 - INFO - 小说助手 started
2026-05-07 09:26:57,866 - INFO - 正在延迟加载标签页: summary
2026-05-07 09:26:57,946 - INFO - 正在延迟加载标签页: monitor
2026-05-07 09:26:58,042 - INFO - 正在延迟加载标签页: keyword
2026-05-07 09:26:58,113 - INFO - 正在延迟加载标签页: config
2026-05-07 09:26:58,174 - INFO - 首次加载关键词数据...
2026-05-07 09:26:58,225 - INFO - 正在延迟加载标签页: help
2026-05-07 09:27:04,819 - INFO - 开始异步构建网络图...
2026-05-07 09:27:05,350 - INFO - 网络图构建完成
2026-05-07 09:28:23,541 - INFO - UI框架已显示，开始延迟加载其他标签页...
2026-05-07 09:28:23,550 - INFO - 小说助手 started
2026-05-07 09:28:24,230 - INFO - 正在延迟加载标签页: summary
2026-05-07 09:28:24,295 - INFO - 正在延迟加载标签页: monitor
2026-05-07 09:28:24,383 - INFO - 正在延迟加载标签页: keyword
2026-05-07 09:28:24,453 - INFO - 正在延迟加载标签页: config
2026-05-07 09:28:24,507 - INFO - 首次加载关键词数据...
2026-05-07 09:28:24,557 - INFO - 正在延迟加载标签页: help
2026-05-07 09:28:27,994 - INFO - 开始异步构建网络图...
2026-05-07 09:28:28,453 - INFO - 网络图构建完成
2026-05-07 09:32:49,718 - INFO - UI框架已显示，开始延迟加载其他标签页...
2026-05-07 09:32:49,729 - INFO - 小说助手 started
2026-05-07 09:32:50,847 - INFO - 正在延迟加载标签页: summary
2026-05-07 09:32:50,947 - INFO - 正在延迟加载标签页: monitor
2026-05-07 09:32:51,057 - INFO - 正在延迟加载标签页: keyword
2026-05-07 09:32:51,134 - INFO - 首次加载关键词数据...
2026-05-07 09:32:51,141 - INFO - 正在延迟加载标签页: config
2026-05-07 09:32:51,303 - INFO - 正在延迟加载标签页: help
2026-05-07 09:33:06,806 - INFO - Configuration saved and applied
2026-05-07 09:33:08,787 - INFO - 开始异步构建网络图...
2026-05-07 09:33:09,536 - INFO - 网络图构建完成
2026-05-07 09:33:36,424 - INFO - 开始异步构建网络图...
2026-05-07 09:33:37,091 - INFO - 网络图构建完成
2026-05-07 09:33:37,846 - INFO - Configuration saved
2026-05-07 09:35:08,652 - INFO - 开始异步构建网络图...
2026-05-07 09:35:09,375 - INFO - 网络图构建完成
2026-05-07 09:35:32,075 - INFO - 开始异步构建网络图...
2026-05-07 09:35:32,631 - INFO - 网络图构建完成
2026-05-07 09:44:06,352 - INFO - UI框架已显示，开始延迟加载其他标签页...
2026-05-07 09:44:06,361 - INFO - 小说助手 started
2026-05-07 09:44:07,303 - INFO - 正在延迟加载标签页: summary
2026-05-07 09:44:07,427 - INFO - 正在延迟加载标签页: monitor
2026-05-07 09:44:07,554 - INFO - 正在延迟加载标签页: keyword
2026-05-07 09:44:07,660 - INFO - 正在延迟加载标签页: config
2026-05-07 09:44:07,862 - INFO - 首次加载关键词数据...
2026-05-07 09:44:07,923 - INFO - 正在延迟加载标签页: help
2026-05-07 09:44:09,775 - INFO - 数据已变化或首次构建，开始异步构建网络图...
2026-05-07 09:44:10,042 - ERROR - 构建网络图失败: setPen(self, pen: Union[QPen, Union[QColor, Qt.GlobalColor]]): argument 1 has unexpected type 'PenStyle'
2026-05-07 09:45:14,515 - INFO - UI框架已显示，开始延迟加载其他标签页...
2026-05-07 09:45:14,525 - INFO - 小说助手 started
2026-05-07 09:45:15,741 - INFO - 正在延迟加载标签页: summary
2026-05-07 09:45:15,863 - INFO - 正在延迟加载标签页: monitor
2026-05-07 09:45:16,003 - INFO - 正在延迟加载标签页: keyword
2026-05-07 09:45:16,088 - INFO - 首次加载关键词数据...
2026-05-07 09:45:16,122 - INFO - 正在延迟加载标签页: config
2026-05-07 09:45:16,298 - INFO - 正在延迟加载标签页: help
2026-05-07 09:45:18,543 - INFO - 数据已变化或首次构建，开始异步构建网络图...
2026-05-07 09:45:19,427 - INFO - 网络图构建完成并已缓存
2026-05-07 09:47:15,812 - INFO - UI框架已显示，开始延迟加载其他标签页...
2026-05-07 09:47:15,825 - INFO - 小说助手 started
2026-05-07 09:47:16,979 - INFO - 正在延迟加载标签页: summary
2026-05-07 09:47:17,100 - INFO - 正在延迟加载标签页: monitor
2026-05-07 09:47:17,230 - INFO - 正在延迟加载标签页: keyword
2026-05-07 09:47:17,331 - INFO - 正在延迟加载标签页: config
2026-05-07 09:47:17,474 - INFO - 首次加载关键词数据...
2026-05-07 09:47:17,524 - INFO - 正在延迟加载标签页: help
2026-05-07 09:47:19,669 - INFO - 数据已变化或首次构建，开始异步构建网络图...
2026-05-07 09:47:20,139 - INFO - 网络图构建完成并已缓存
2026-05-07 09:48:00,991 - INFO - 使用缓存的网络图，跳过重新构建
2026-05-07 09:48:29,496 - INFO - UI框架已显示，开始延迟加载其他标签页...
2026-05-07 09:48:29,506 - INFO - 小说助手 started
2026-05-07 09:48:31,030 - INFO - 正在延迟加载标签页: summary
2026-05-07 09:48:31,140 - INFO - 正在延迟加载标签页: monitor
2026-05-07 09:48:31,263 - INFO - 正在延迟加载标签页: keyword
2026-05-07 09:48:31,350 - INFO - 正在延迟加载标签页: config
2026-05-07 09:48:31,510 - INFO - 首次加载关键词数据...
2026-05-07 09:48:31,560 - INFO - 正在延迟加载标签页: help
2026-05-07 09:48:33,637 - INFO - 数据已变化或首次构建，开始异步构建网络图...
2026-05-07 09:48:34,129 - INFO - 网络图构建完成并已缓存
2026-05-07 09:52:04,668 - INFO - UI框架已显示，开始延迟加载其他标签页...
2026-05-07 09:52:04,678 - INFO - 小说助手 started
2026-05-07 09:52:05,491 - INFO - 正在延迟加载标签页: summary
2026-05-07 09:52:05,560 - INFO - 正在延迟加载标签页: monitor
2026-05-07 09:52:05,646 - INFO - 正在延迟加载标签页: keyword
2026-05-07 09:52:05,731 - INFO - 首次加载关键词数据...
2026-05-07 09:52:05,736 - INFO - 正在延迟加载标签页: config
2026-05-07 09:52:05,858 - INFO - 正在延迟加载标签页: help
2026-05-07 09:52:08,526 - INFO - 数据已变化或首次构建，开始异步构建网络图...
2026-05-07 09:52:08,984 - INFO - 网络图构建完成并已缓存
2026-05-07 09:54:34,191 - INFO - UI框架已显示，开始延迟加载其他标签页...
2026-05-07 09:54:34,208 - INFO - 小说助手 started
2026-05-07 09:54:35,110 - INFO - 正在延迟加载标签页: summary
2026-05-07 09:54:35,190 - INFO - 正在延迟加载标签页: monitor
2026-05-07 09:54:35,280 - INFO - 正在延迟加载标签页: keyword
2026-05-07 09:54:35,366 - INFO - 正在延迟加载标签页: config
2026-05-07 09:54:35,459 - INFO - 首次加载关键词数据...
2026-05-07 09:54:35,510 - INFO - 正在延迟加载标签页: help
2026-05-07 09:54:38,557 - INFO - 数据已变化或首次构建，开始异步构建网络图...
2026-05-07 09:54:39,063 - INFO - 网络图构建完成并已缓存
2026-05-07 09:57:44,823 - INFO - UI框架已显示，开始延迟加载其他标签页...
2026-05-07 09:57:44,830 - INFO - 小说助手 started
2026-05-07 09:57:45,523 - INFO - 正在延迟加载标签页: summary
2026-05-07 09:57:45,589 - INFO - 正在延迟加载标签页: monitor
2026-05-07 09:57:45,668 - INFO - 正在延迟加载标签页: keyword
2026-05-07 09:57:45,740 - INFO - 正在延迟加载标签页: config
2026-05-07 09:57:45,798 - INFO - 首次加载关键词数据...
2026-05-07 09:57:45,848 - INFO - 正在延迟加载标签页: help
2026-05-07 09:57:50,596 - INFO - 数据已变化或首次构建，开始异步构建网络图...
2026-05-07 09:57:51,069 - INFO - 网络图构建完成并已缓存
2026-05-07 12:29:49,889 - INFO - UI框架已显示，开始延迟加载其他标签页...
2026-05-07 12:29:49,903 - INFO - 小说助手 started
2026-05-07 12:29:51,160 - INFO - 正在延迟加载标签页: summary
2026-05-07 12:29:51,259 - INFO - 正在延迟加载标签页: monitor
2026-05-07 12:29:51,356 - INFO - 正在延迟加载标签页: keyword
2026-05-07 12:29:51,434 - INFO - 正在延迟加载标签页: config
2026-05-07 12:29:51,515 - INFO - 首次加载关键词数据...
2026-05-07 12:29:51,565 - INFO - 正在延迟加载标签页: help
2026-05-07 12:29:55,810 - INFO - UI框架已显示，开始延迟加载其他标签页...
2026-05-07 12:29:55,818 - INFO - 小说助手 started
2026-05-07 12:29:56,729 - INFO - 正在延迟加载标签页: summary
2026-05-07 12:29:56,809 - INFO - 正在延迟加载标签页: monitor
2026-05-07 12:29:56,886 - INFO - 正在延迟加载标签页: keyword
2026-05-07 12:29:56,957 - INFO - 正在延迟加载标签页: config
2026-05-07 12:29:57,066 - INFO - 首次加载关键词数据...
2026-05-07 12:29:57,115 - INFO - 正在延迟加载标签页: help
2026-05-07 12:30:00,170 - INFO - 数据已变化或首次构建，开始异步构建网络图...
2026-05-07 12:30:01,542 - INFO - 网络图构建完成并已缓存
2026-05-07 12:31:26,056 - INFO - UI框架已显示，开始延迟加载其他标签页...
2026-05-07 12:31:26,064 - INFO - 小说助手 started
2026-05-07 12:31:26,621 - INFO - 正在延迟加载标签页: summary
2026-05-07 12:31:26,678 - INFO - 正在延迟加载标签页: monitor
2026-05-07 12:31:26,756 - INFO - 正在延迟加载标签页: keyword
2026-05-07 12:31:26,824 - INFO - 正在延迟加载标签页: config
2026-05-07 12:31:26,874 - INFO - 首次加载关键词数据...
2026-05-07 12:31:26,925 - INFO - 正在延迟加载标签页: help
2026-05-07 12:31:30,762 - INFO - 数据已变化或首次构建，开始异步构建网络图...
2026-05-07 12:31:31,068 - INFO - 网络图构建完成并已缓存
2026-05-07 12:31:47,212 - INFO - 使用缓存的网络图，跳过重新构建
2026-05-07 12:33:11,773 - INFO - UI框架已显示，开始延迟加载其他标签页...
2026-05-07 12:33:11,780 - INFO - 小说助手 started
2026-05-07 12:33:12,583 - INFO - 正在延迟加载标签页: summary
2026-05-07 12:33:12,653 - INFO - 正在延迟加载标签页: monitor
2026-05-07 12:33:12,736 - INFO - 正在延迟加载标签页: keyword
2026-05-07 12:33:12,809 - INFO - 正在延迟加载标签页: config
2026-05-07 12:33:12,866 - INFO - 首次加载关键词数据...
2026-05-07 12:33:12,917 - INFO - 正在延迟加载标签页: help
2026-05-07 12:33:17,378 - INFO - 数据已变化或首次构建，开始异步构建网络图...
2026-05-07 12:33:17,693 - INFO - 网络图构建完成并已缓存
2026-05-07 12:33:20,636 - INFO - 使用缓存的网络图，跳过重新构建
2026-05-07 12:37:42,592 - INFO - UI框架已显示，开始延迟加载其他标签页...
2026-05-07 12:37:42,601 - INFO - 小说助手 started
2026-05-07 12:37:43,120 - INFO - 正在延迟加载标签页: summary
2026-05-07 12:37:43,182 - INFO - 正在延迟加载标签页: monitor
2026-05-07 12:37:43,268 - INFO - 正在延迟加载标签页: keyword
2026-05-07 12:37:43,338 - INFO - 正在延迟加载标签页: config
2026-05-07 12:37:43,390 - INFO - 首次加载关键词数据...
2026-05-07 12:37:43,440 - INFO - 正在延迟加载标签页: help
2026-05-07 12:37:45,796 - INFO - 数据已变化或首次构建，开始异步构建网络图...
2026-05-07 12:37:46,173 - INFO - 网络图构建完成并已缓存
2026-05-07 12:38:03,862 - INFO - 使用缓存的网络图，跳过重新构建
2026-05-07 12:38:07,638 - INFO - 使用缓存的网络图，跳过重新构建
2026-05-07 12:38:14,398 - INFO - 使用缓存的网络图，跳过重新构建
2026-05-07 12:43:36,309 - INFO - UI框架已显示，开始延迟加载其他标签页...
2026-05-07 12:43:36,323 - INFO - 小说助手 started
2026-05-07 12:43:37,319 - INFO - 正在延迟加载标签页: summary
2026-05-07 12:43:37,413 - INFO - 正在延迟加载标签页: monitor
2026-05-07 12:43:37,513 - INFO - 正在延迟加载标签页: keyword
2026-05-07 12:43:37,595 - INFO - 正在延迟加载标签页: config
2026-05-07 12:43:37,672 - INFO - 首次加载关键词数据...
2026-05-07 12:43:37,722 - INFO - 正在延迟加载标签页: help
2026-05-07 12:43:39,550 - INFO - 数据已变化或首次构建，开始异步构建网络图...
2026-05-07 12:43:40,139 - INFO - 网络图构建完成并已缓存
2026-05-07 12:57:37,667 - INFO - UI框架已显示，开始延迟加载其他标签页...
2026-05-07 12:57:37,678 - INFO - 小说助手 started
2026-05-07 12:57:38,705 - INFO - 正在延迟加载标签页: summary
2026-05-07 12:57:38,773 - INFO - 正在延迟加载标签页: monitor
2026-05-07 12:57:38,870 - INFO - 正在延迟加载标签页: keyword
2026-05-07 12:57:38,963 - INFO - 正在延迟加载标签页: config
2026-05-07 12:57:39,085 - INFO - 首次加载关键词数据...
2026-05-07 12:57:39,139 - INFO - 正在延迟加载标签页: help
2026-05-07 12:58:01,570 - INFO - 数据已变化或首次构建，开始异步构建网络图...
2026-05-07 12:58:02,949 - INFO - 网络图构建完成并已缓存
2026-05-07 13:21:40,630 - INFO - UI框架已显示，开始延迟加载其他标签页...
2026-05-07 13:21:40,638 - INFO - 小说助手 started
2026-05-07 13:21:41,270 - INFO - 正在延迟加载标签页: summary
2026-05-07 13:21:41,336 - INFO - 正在延迟加载标签页: monitor
2026-05-07 13:21:41,426 - INFO - 正在延迟加载标签页: keyword
2026-05-07 13:21:41,497 - INFO - 正在延迟加载标签页: config
2026-05-07 13:21:41,551 - INFO - 首次加载关键词数据...
2026-05-07 13:21:41,600 - INFO - 正在延迟加载标签页: help
2026-05-07 13:23:07,820 - INFO - Configuration saved and applied
2026-05-07 13:23:11,887 - INFO - 数据已变化或首次构建，开始异步构建网络图...
2026-05-07 13:23:12,494 - INFO - 网络图构建完成并已缓存
2026-05-07 13:25:50,457 - INFO - UI框架已显示，开始延迟加载其他标签页...
2026-05-07 13:25:50,466 - INFO - 小说助手 started
2026-05-07 13:25:51,356 - INFO - 正在延迟加载标签页: summary
2026-05-07 13:25:51,505 - INFO - 正在延迟加载标签页: monitor
2026-05-07 13:25:51,646 - INFO - 正在延迟加载标签页: keyword
2026-05-07 13:25:51,742 - INFO - 正在延迟加载标签页: config
2026-05-07 13:25:51,882 - INFO - 首次加载关键词数据...
2026-05-07 13:25:51,933 - INFO - 正在延迟加载标签页: help
2026-05-07 13:25:54,904 - INFO - 数据已变化或首次构建，开始异步构建网络图...
2026-05-07 13:25:55,328 - INFO - 网络图构建完成并已缓存
2026-05-07 13:28:01,265 - INFO - UI框架已显示，开始延迟加载其他标签页...
2026-05-07 13:28:01,274 - INFO - 小说助手 started
2026-05-07 13:28:02,029 - INFO - 正在延迟加载标签页: summary
2026-05-07 13:28:02,094 - INFO - 正在延迟加载标签页: monitor
2026-05-07 13:28:02,185 - INFO - 正在延迟加载标签页: keyword
2026-05-07 13:28:02,256 - INFO - 正在延迟加载标签页: config
2026-05-07 13:28:02,309 - INFO - 首次加载关键词数据...
2026-05-07 13:28:02,359 - INFO - 正在延迟加载标签页: help
2026-05-07 13:36:14,640 - INFO - UI框架已显示，开始延迟加载其他标签页...
2026-05-07 13:36:14,648 - INFO - 小说助手 started
2026-05-07 13:36:15,388 - INFO - 正在延迟加载标签页: summary
2026-05-07 13:36:15,510 - INFO - 正在延迟加载标签页: monitor
2026-05-07 13:36:15,604 - INFO - 正在延迟加载标签页: keyword
2026-05-07 13:36:15,676 - INFO - 正在延迟加载标签页: config
2026-05-07 13:36:15,737 - INFO - 首次加载关键词数据...
2026-05-07 13:36:15,788 - INFO - 正在延迟加载标签页: help
2026-05-07 13:36:44,313 - INFO - 数据已变化或首次构建，开始异步构建网络图...
2026-05-07 13:36:44,788 - INFO - 网络图构建完成并已缓存
2026-05-07 13:38:03,851 - INFO - 关键词已保存到 E:/.novel_saver/NovelStorage/novel/new\.novel-enhancer.json
2026-05-07 13:38:03,852 - INFO - 神经图缓存已失效，下次切换将重新构建
2026-05-07 13:42:29,508 - INFO - UI框架已显示，开始延迟加载其他标签页...
2026-05-07 13:42:29,525 - INFO - 小说助手 started
2026-05-07 13:42:30,844 - INFO - 正在延迟加载标签页: summary
2026-05-07 13:42:30,916 - INFO - 正在延迟加载标签页: monitor
2026-05-07 13:42:31,004 - INFO - 正在延迟加载标签页: keyword
2026-05-07 13:42:31,078 - INFO - 正在延迟加载标签页: config
2026-05-07 13:42:31,149 - INFO - 首次加载关键词数据...
2026-05-07 13:42:31,200 - INFO - 正在延迟加载标签页: help
2026-05-07 13:42:49,852 - INFO - Configuration saved and applied
2026-05-07 13:43:24,611 - INFO - 数据已变化或首次构建，开始异步构建网络图...
2026-05-07 13:43:25,091 - INFO - 网络图构建完成并已缓存
2026-05-07 13:48:54,829 - INFO - UI框架已显示，开始延迟加载其他标签页...
2026-05-07 13:48:54,840 - INFO - 小说助手 started
2026-05-07 13:48:55,670 - INFO - 正在延迟加载标签页: summary
2026-05-07 13:48:55,738 - INFO - 正在延迟加载标签页: monitor
2026-05-07 13:48:55,830 - INFO - 正在延迟加载标签页: keyword
2026-05-07 13:48:55,904 - INFO - 正在延迟加载标签页: config
2026-05-07 13:48:55,969 - INFO - 首次加载关键词数据...
2026-05-07 13:48:56,020 - INFO - 正在延迟加载标签页: help
2026-05-07 13:48:59,315 - INFO - 数据已变化或首次构建，开始异步构建网络图...
2026-05-07 13:48:59,698 - INFO - 网络图构建完成并已缓存
2026-05-07 13:50:57,589 - INFO - 使用缓存的网络图，跳过重新构建
2026-05-07 13:51:12,956 - INFO - 使用缓存的网络图，跳过重新构建
2026-05-07 13:51:18,564 - INFO - 关键词已保存到 E:/.novel_saver/NovelStorage/novel/new\.novel-enhancer.json
2026-05-07 13:51:18,565 - INFO - 神经图缓存已失效，下次切换将重新构建
2026-05-07 13:57:17,504 - INFO - UI框架已显示，开始延迟加载其他标签页...
2026-05-07 13:57:17,518 - INFO - 小说助手 started
2026-05-07 13:57:18,460 - INFO - 正在延迟加载标签页: summary
2026-05-07 13:57:18,528 - INFO - 正在延迟加载标签页: monitor
2026-05-07 13:57:18,622 - INFO - 正在延迟加载标签页: keyword
2026-05-07 13:57:18,702 - INFO - 正在延迟加载标签页: config
2026-05-07 13:57:18,792 - INFO - 首次加载关键词数据...
2026-05-07 13:57:18,842 - INFO - 正在延迟加载标签页: help
2026-05-07 13:57:40,077 - INFO - Configuration saved and applied
2026-05-07 13:59:00,894 - INFO - Configuration saved and applied
2026-05-07 13:59:18,938 - INFO - 数据已变化或首次构建，开始异步构建网络图...
2026-05-07 13:59:19,342 - INFO - 网络图构建完成并已缓存
2026-05-07 14:07:58,341 - INFO - UI框架已显示，开始延迟加载其他标签页...
2026-05-07 14:07:58,350 - INFO - 小说助手 started
2026-05-07 14:07:59,160 - INFO - 正在延迟加载标签页: summary
2026-05-07 14:07:59,231 - INFO - 正在延迟加载标签页: monitor
2026-05-07 14:07:59,314 - INFO - 正在延迟加载标签页: keyword
2026-05-07 14:07:59,385 - INFO - 正在延迟加载标签页: config
2026-05-07 14:07:59,451 - INFO - 首次加载关键词数据...
2026-05-07 14:07:59,502 - INFO - 正在延迟加载标签页: help
2026-05-07 14:08:38,245 - INFO - 数据已变化或首次构建，开始异步构建网络图...
2026-05-07 14:08:38,774 - INFO - 网络图构建完成并已缓存
2026-05-07 14:09:35,771 - INFO - UI框架已显示，开始延迟加载其他标签页...
2026-05-07 14:09:35,786 - INFO - 小说助手 started
2026-05-07 14:09:36,710 - INFO - 正在延迟加载标签页: summary
2026-05-07 14:09:36,773 - INFO - 正在延迟加载标签页: monitor
2026-05-07 14:09:36,863 - INFO - 正在延迟加载标签页: keyword
2026-05-07 14:09:36,933 - INFO - 正在延迟加载标签页: config
2026-05-07 14:09:36,994 - INFO - 首次加载关键词数据...
2026-05-07 14:09:37,045 - INFO - 正在延迟加载标签页: help
2026-05-07 14:14:16,444 - INFO - UI框架已显示，开始延迟加载其他标签页...
2026-05-07 14:14:16,451 - INFO - 小说助手 started
2026-05-07 14:14:17,156 - INFO - 正在延迟加载标签页: summary
2026-05-07 14:14:17,300 - INFO - 正在延迟加载标签页: monitor
2026-05-07 14:14:17,446 - INFO - 正在延迟加载标签页: keyword
2026-05-07 14:14:17,541 - INFO - 正在延迟加载标签页: config
2026-05-07 14:14:17,673 - INFO - 首次加载关键词数据...
2026-05-07 14:14:17,722 - INFO - 正在延迟加载标签页: help
2026-05-07 14:14:36,145 - INFO - UI框架已显示，开始延迟加载其他标签页...
2026-05-07 14:14:36,164 - INFO - 小说助手 started
2026-05-07 14:14:37,269 - INFO - 正在延迟加载标签页: summary
2026-05-07 14:14:37,350 - INFO - 正在延迟加载标签页: monitor
2026-05-07 14:14:37,437 - INFO - 正在延迟加载标签页: keyword
2026-05-07 14:14:37,507 - INFO - 首次加载关键词数据...
2026-05-07 14:14:37,508 - INFO - 正在延迟加载标签页: config
2026-05-07 14:14:37,622 - INFO - 正在延迟加载标签页: help
2026-05-07 16:53:39,302 - INFO - UI框架已显示，开始延迟加载其他标签页...
2026-05-07 16:53:39,314 - INFO - 小说助手 started
2026-05-07 16:53:40,267 - INFO - 正在延迟加载标签页: summary
2026-05-07 16:53:40,339 - INFO - 正在延迟加载标签页: monitor
2026-05-07 16:53:40,439 - INFO - 正在延迟加载标签页: keyword
2026-05-07 16:53:40,524 - INFO - 首次加载关键词数据...
2026-05-07 16:53:40,524 - INFO - 正在延迟加载标签页: config
2026-05-07 16:53:40,653 - INFO - 正在延迟加载标签页: help
2026-05-07 16:53:55,140 - INFO - Configuration saved and applied
2026-05-07 16:58:10,063 - INFO - UI框架已显示，开始延迟加载其他标签页...
2026-05-07 16:58:10,078 - INFO - 小说助手 started
2026-05-07 16:58:10,869 - INFO - 正在延迟加载标签页: summary
2026-05-07 16:58:10,931 - INFO - 正在延迟加载标签页: monitor
2026-05-07 16:58:11,015 - INFO - 正在延迟加载标签页: keyword
2026-05-07 16:58:11,083 - INFO - 首次加载关键词数据...
2026-05-07 16:58:11,087 - INFO - 正在延迟加载标签页: config
2026-05-07 16:58:11,189 - INFO - 正在延迟加载标签页: help
2026-05-07 17:11:13,646 - INFO - UI框架已显示，开始延迟加载其他标签页...
2026-05-07 17:11:13,655 - INFO - 小说助手 started
2026-05-07 17:11:14,105 - INFO - 正在延迟加载标签页: summary
2026-05-07 17:11:14,160 - INFO - 正在延迟加载标签页: monitor
2026-05-07 17:11:14,239 - INFO - 正在延迟加载标签页: keyword
2026-05-07 17:11:14,306 - INFO - 正在延迟加载标签页: config
2026-05-07 17:11:14,360 - INFO - 首次加载关键词数据...
2026-05-07 17:11:14,410 - INFO - 正在延迟加载标签页: help
2026-05-07 17:11:27,192 - INFO - UI框架已显示，开始延迟加载其他标签页...
2026-05-07 17:11:27,203 - INFO - 小说助手 started
2026-05-07 17:11:28,123 - INFO - 正在延迟加载标签页: summary
2026-05-07 17:11:28,208 - INFO - 正在延迟加载标签页: monitor
2026-05-07 17:11:28,328 - INFO - 正在延迟加载标签页: keyword
2026-05-07 17:11:28,406 - INFO - 正在延迟加载标签页: config
2026-05-07 17:11:28,480 - INFO - 首次加载关键词数据...
2026-05-07 17:11:28,530 - INFO - 正在延迟加载标签页: help
2026-05-07 17:16:27,523 - INFO - UI框架已显示，开始延迟加载其他标签页...
2026-05-07 17:16:27,530 - INFO - 小说助手 started
2026-05-07 17:16:27,911 - INFO - 正在延迟加载标签页: summary
2026-05-07 17:16:27,971 - INFO - 正在延迟加载标签页: monitor
2026-05-07 17:16:28,048 - INFO - 正在延迟加载标签页: keyword
2026-05-07 17:16:28,114 - INFO - 正在延迟加载标签页: config
2026-05-07 17:16:28,174 - INFO - 首次加载关键词数据...
2026-05-07 17:16:28,224 - INFO - 正在延迟加载标签页: help
2026-05-07 17:17:12,148 - INFO - 数据已变化或首次构建，开始异步构建网络图...
2026-05-07 17:17:12,851 - INFO - 网络图构建完成并已缓存
2026-05-07 17:18:17,658 - INFO - UI框架已显示，开始延迟加载其他标签页...
2026-05-07 17:18:17,665 - INFO - 小说助手 started
2026-05-07 17:18:18,296 - INFO - 正在延迟加载标签页: summary
2026-05-07 17:18:18,358 - INFO - 正在延迟加载标签页: monitor
2026-05-07 17:18:18,441 - INFO - 正在延迟加载标签页: keyword
2026-05-07 17:18:18,513 - INFO - 正在延迟加载标签页: config
2026-05-07 17:18:18,570 - INFO - 首次加载关键词数据...
2026-05-07 17:18:18,621 - INFO - 正在延迟加载标签页: help
2026-05-07 17:19:09,847 - INFO - Configuration saved and applied
2026-05-07 17:19:18,638 - INFO - Configuration saved
2026-05-07 17:22:36,735 - INFO - UI框架已显示，开始延迟加载其他标签页...
2026-05-07 17:22:36,742 - INFO - 小说助手 started
2026-05-07 17:22:37,426 - INFO - 正在延迟加载标签页: summary
2026-05-07 17:22:37,495 - INFO - 正在延迟加载标签页: monitor
2026-05-07 17:22:37,591 - INFO - 正在延迟加载标签页: keyword
2026-05-07 17:22:37,662 - INFO - 正在延迟加载标签页: config
2026-05-07 17:22:37,721 - INFO - 首次加载关键词数据...
2026-05-07 17:22:37,771 - INFO - 正在延迟加载标签页: help
2026-05-07 17:23:21,303 - INFO - Configuration saved
2026-05-07 17:23:23,295 - INFO - Configuration saved and applied
2026-05-07 17:23:42,111 - INFO - Configuration saved and applied
2026-05-07 17:27:09,813 - INFO - UI框架已显示，开始延迟加载其他标签页...
2026-05-07 17:27:09,834 - INFO - 小说助手 started
2026-05-07 17:27:10,767 - INFO - 正在延迟加载标签页: summary
2026-05-07 17:27:10,855 - INFO - 正在延迟加载标签页: monitor
2026-05-07 17:27:10,954 - INFO - 正在延迟加载标签页: keyword
2026-05-07 17:27:11,026 - INFO - 正在延迟加载标签页: config
2026-05-07 17:27:11,097 - INFO - 首次加载关键词数据...
2026-05-07 17:27:11,148 - INFO - 正在延迟加载标签页: help
2026-05-07 17:27:53,560 - INFO - Configuration saved and applied
2026-05-07 17:37:18,103 - INFO - UI框架已显示，开始延迟加载其他标签页...
2026-05-07 17:37:18,113 - INFO - 小说助手 started
2026-05-07 17:37:18,860 - INFO - 正在延迟加载标签页: summary
2026-05-07 17:37:18,989 - INFO - 正在延迟加载标签页: monitor
2026-05-07 17:37:19,118 - INFO - 正在延迟加载标签页: keyword
2026-05-07 17:37:19,222 - INFO - 首次加载关键词数据...
2026-05-07 17:37:19,231 - INFO - 正在延迟加载标签页: config
2026-05-07 17:37:19,456 - INFO - 正在延迟加载标签页: help
2026-05-07 17:52:30,042 - INFO - UI框架已显示，开始延迟加载其他标签页...
2026-05-07 17:52:30,047 - INFO - 小说助手 started
2026-05-07 17:52:30,876 - INFO - 正在延迟加载标签页: summary
2026-05-07 17:52:30,968 - INFO - 正在延迟加载标签页: monitor
2026-05-07 17:52:31,068 - INFO - 正在延迟加载标签页: keyword
2026-05-07 17:52:31,143 - INFO - 正在延迟加载标签页: config
2026-05-07 17:52:31,215 - INFO - 首次加载关键词数据...
2026-05-07 17:52:31,265 - INFO - 正在延迟加载标签页: help
2026-05-07 17:54:22,309 - INFO - UI框架已显示，开始延迟加载其他标签页...
2026-05-07 17:54:22,315 - INFO - 小说助手 started
2026-05-07 17:54:23,207 - INFO - 正在延迟加载标签页: summary
2026-05-07 17:54:23,277 - INFO - 正在延迟加载标签页: monitor
2026-05-07 17:54:23,375 - INFO - 正在延迟加载标签页: keyword
2026-05-07 17:54:23,459 - INFO - 正在延迟加载标签页: config
2026-05-07 17:54:23,533 - INFO - 首次加载关键词数据...
2026-05-07 17:54:23,584 - INFO - 正在延迟加载标签页: help
2026-05-07 17:54:55,055 - INFO - 数据已变化或首次构建，开始异步构建网络图...
2026-05-07 17:54:55,547 - INFO - 网络图构建完成并已缓存
2026-05-07 18:08:06,573 - INFO - UI框架已显示，开始延迟加载其他标签页...
2026-05-07 18:08:06,576 - INFO - 小说助手 started
2026-05-07 18:08:07,029 - INFO - 正在延迟加载标签页: summary
2026-05-07 18:08:07,085 - INFO - 正在延迟加载标签页: monitor
2026-05-07 18:08:07,157 - INFO - 正在延迟加载标签页: keyword
2026-05-07 18:08:07,217 - INFO - 正在延迟加载标签页: config
2026-05-07 18:08:07,253 - INFO - 首次加载关键词数据...
2026-05-07 18:08:07,304 - INFO - 正在延迟加载标签页: help
2026-05-07 18:08:26,274 - INFO - 数据已变化或首次构建，开始异步构建网络图...
2026-05-07 18:08:26,780 - INFO - 网络图构建完成并已缓存
2026-05-07 18:08:28,797 - INFO - 使用缓存的网络图，跳过重新构建
2026-05-07 18:08:29,419 - INFO - Configuration saved and applied
2026-05-07 18:24:21,188 - INFO - UI框架已显示，开始延迟加载其他标签页...
2026-05-07 18:24:21,194 - INFO - 小说助手 started
2026-05-07 18:24:21,968 - INFO - 正在延迟加载标签页: summary
2026-05-07 18:24:22,061 - INFO - 正在延迟加载标签页: monitor
2026-05-07 18:24:22,159 - INFO - 正在延迟加载标签页: keyword
2026-05-07 18:24:22,238 - INFO - 首次加载关键词数据...
2026-05-07 18:24:22,242 - INFO - 正在延迟加载标签页: config
2026-05-07 18:24:22,368 - INFO - 正在延迟加载标签页: help
2026-05-07 18:25:39,002 - INFO - 数据已变化或首次构建，开始异步构建网络图...
2026-05-07 18:25:39,303 - INFO - 网络图构建完成并已缓存
2026-05-07 18:25:59,405 - INFO - UI框架已显示，开始延迟加载其他标签页...
2026-05-07 18:25:59,411 - INFO - 小说助手 started
2026-05-07 18:26:00,161 - INFO - 正在延迟加载标签页: summary
2026-05-07 18:26:00,232 - INFO - 正在延迟加载标签页: monitor
2026-05-07 18:26:00,315 - INFO - 正在延迟加载标签页: keyword
2026-05-07 18:26:00,395 - INFO - 正在延迟加载标签页: config
2026-05-07 18:26:00,474 - INFO - 首次加载关键词数据...
2026-05-07 18:26:00,525 - INFO - 正在延迟加载标签页: help
2026-05-07 18:26:02,074 - INFO - 数据已变化或首次构建，开始异步构建网络图...
2026-05-07 18:26:02,478 - INFO - 网络图构建完成并已缓存
2026-05-07 18:27:10,571 - INFO - UI框架已显示，开始延迟加载其他标签页...
2026-05-07 18:27:10,575 - INFO - 小说助手 started
2026-05-07 18:27:10,982 - INFO - 正在延迟加载标签页: summary
2026-05-07 18:27:11,036 - INFO - 正在延迟加载标签页: monitor
2026-05-07 18:27:11,114 - INFO - 正在延迟加载标签页: keyword
2026-05-07 18:27:11,176 - INFO - 正在延迟加载标签页: config
2026-05-07 18:27:11,224 - INFO - 首次加载关键词数据...
2026-05-07 18:27:11,274 - INFO - 正在延迟加载标签页: help
2026-05-07 18:27:16,699 - INFO - 数据已变化或首次构建，开始异步构建网络图...
2026-05-07 18:27:17,004 - INFO - 网络图构建完成并已缓存
2026-05-07 18:28:29,651 - INFO - UI框架已显示，开始延迟加载其他标签页...
2026-05-07 18:28:29,661 - INFO - 小说助手 started
2026-05-07 18:28:30,607 - INFO - 正在延迟加载标签页: summary
2026-05-07 18:28:30,739 - INFO - 正在延迟加载标签页: monitor
2026-05-07 18:28:30,905 - INFO - 正在延迟加载标签页: keyword
2026-05-07 18:28:31,021 - INFO - 正在延迟加载标签页: config
2026-05-07 18:28:31,199 - INFO - 首次加载关键词数据...
2026-05-07 18:28:31,249 - INFO - 正在延迟加载标签页: help
2026-05-07 18:28:38,381 - INFO - 数据已变化或首次构建，开始异步构建网络图...
2026-05-07 18:28:39,202 - INFO - 网络图构建完成并已缓存
2026-05-07 18:31:09,405 - INFO - UI框架已显示，开始延迟加载其他标签页...
2026-05-07 18:31:09,409 - INFO - 小说助手 started
2026-05-07 18:31:09,841 - INFO - 正在延迟加载标签页: summary
2026-05-07 18:31:09,897 - INFO - 正在延迟加载标签页: monitor
2026-05-07 18:31:09,971 - INFO - 正在延迟加载标签页: keyword
2026-05-07 18:31:10,416 - INFO - 正在延迟加载标签页: config
2026-05-07 18:31:10,480 - INFO - 首次加载关键词数据...
2026-05-07 18:31:10,530 - INFO - 正在延迟加载标签页: help
2026-05-07 18:31:48,084 - INFO - UI框架已显示，开始延迟加载其他标签页...
2026-05-07 18:31:48,093 - INFO - 小说助手 started
2026-05-07 18:31:48,847 - INFO - 正在延迟加载标签页: summary
2026-05-07 18:31:48,933 - INFO - 正在延迟加载标签页: monitor
2026-05-07 18:31:49,064 - INFO - 正在延迟加载标签页: keyword
2026-05-07 18:31:49,589 - INFO - 正在延迟加载标签页: config
2026-05-07 18:31:49,677 - INFO - 首次加载关键词数据...
2026-05-07 18:31:49,727 - INFO - 正在延迟加载标签页: help
2026-05-07 18:31:52,361 - INFO - 数据已变化或首次构建，开始异步构建网络图...
2026-05-07 18:31:54,058 - INFO - 网络图构建完成并已缓存
2026-05-07 18:32:13,660 - INFO - 使用缓存的网络图，跳过重新构建
2026-05-07 18:32:14,637 - INFO - Configuration saved and applied
2026-05-07 18:36:12,256 - INFO - UI框架已显示，开始延迟加载其他标签页...
2026-05-07 18:36:12,261 - INFO - 小说助手 started
2026-05-07 18:36:12,875 - INFO - 正在延迟加载标签页: summary
2026-05-07 18:36:12,977 - INFO - 正在延迟加载标签页: monitor
2026-05-07 18:36:13,131 - INFO - 正在延迟加载标签页: keyword
2026-05-07 18:36:13,520 - INFO - 正在延迟加载标签页: config
2026-05-07 18:36:13,573 - INFO - 首次加载关键词数据...
2026-05-07 18:36:13,624 - INFO - 正在延迟加载标签页: help
2026-05-07 18:36:15,597 - INFO - 数据已变化或首次构建，开始异步构建网络图...
2026-05-07 18:36:16,005 - INFO - 网络图构建完成并已缓存
2026-05-07 18:43:06,241 - INFO - UI框架已显示，开始延迟加载其他标签页...
2026-05-07 18:43:06,244 - INFO - 小说助手 started
2026-05-07 18:43:06,537 - INFO - 正在延迟加载标签页: summary
2026-05-07 18:43:06,592 - INFO - 正在延迟加载标签页: monitor
2026-05-07 18:43:06,660 - INFO - 正在延迟加载标签页: keyword
2026-05-07 18:43:06,988 - INFO - 正在延迟加载标签页: config
2026-05-07 18:43:07,047 - INFO - 首次加载关键词数据...
2026-05-07 18:43:07,098 - INFO - 正在延迟加载标签页: help
2026-05-07 19:59:33,155 - INFO - UI框架已显示，开始延迟加载其他标签页...
2026-05-07 19:59:33,162 - INFO - 小说助手 started
2026-05-07 19:59:33,945 - INFO - 正在延迟加载标签页: summary
2026-05-07 19:59:34,020 - INFO - 正在延迟加载标签页: monitor
2026-05-07 19:59:34,108 - INFO - 正在延迟加载标签页: keyword
2026-05-07 19:59:34,473 - INFO - 正在延迟加载标签页: config
2026-05-07 19:59:34,531 - INFO - 首次加载关键词数据...
2026-05-07 19:59:34,581 - INFO - 正在延迟加载标签页: help
2026-05-07 19:59:37,714 - INFO - 数据已变化或首次构建，开始异步构建网络图...
2026-05-07 19:59:38,391 - INFO - 网络图构建完成并已缓存
2026-05-07 20:00:32,894 - INFO - 使用缓存的网络图，跳过重新构建
2026-05-07 20:00:33,613 - INFO - Configuration saved and applied
2026-05-07 20:01:25,548 - INFO - 使用缓存的网络图，跳过重新构建
2026-05-07 20:03:18,937 - INFO - UI框架已显示，开始延迟加载其他标签页...
2026-05-07 20:03:18,943 - INFO - 小说助手 started
2026-05-07 20:03:19,603 - INFO - 正在延迟加载标签页: summary
2026-05-07 20:03:19,660 - INFO - 正在延迟加载标签页: monitor
2026-05-07 20:03:19,746 - INFO - 正在延迟加载标签页: keyword
2026-05-07 20:03:20,217 - INFO - 正在延迟加载标签页: config
2026-05-07 20:03:20,297 - INFO - 首次加载关键词数据...
2026-05-07 20:03:20,347 - INFO - 正在延迟加载标签页: help
2026-05-07 20:04:34,799 - INFO - UI框架已显示，开始延迟加载其他标签页...
2026-05-07 20:04:34,807 - INFO - 小说助手 started
2026-05-07 20:04:35,249 - INFO - 正在延迟加载标签页: summary
2026-05-07 20:04:35,314 - INFO - 正在延迟加载标签页: monitor
2026-05-07 20:04:35,390 - INFO - 正在延迟加载标签页: keyword
2026-05-07 20:04:35,771 - INFO - 正在延迟加载标签页: config
2026-05-07 20:04:35,860 - INFO - 首次加载关键词数据...
2026-05-07 20:04:35,916 - INFO - 正在延迟加载标签页: help
2026-05-07 20:04:39,939 - INFO - 数据已变化或首次构建，开始异步构建网络图...
2026-05-07 20:04:40,744 - INFO - 网络图构建完成并已缓存
2026-05-07 20:04:54,922 - INFO - UI框架已显示，开始延迟加载其他标签页...
2026-05-07 20:04:54,933 - INFO - 小说助手 started
2026-05-07 20:04:55,813 - INFO - 正在延迟加载标签页: summary
2026-05-07 20:04:55,910 - INFO - 正在延迟加载标签页: monitor
2026-05-07 20:04:56,009 - INFO - 正在延迟加载标签页: keyword
2026-05-07 20:04:56,461 - INFO - 正在延迟加载标签页: config
2026-05-07 20:04:56,537 - INFO - 首次加载关键词数据...
2026-05-07 20:04:56,589 - INFO - 正在延迟加载标签页: help
2026-05-07 20:05:01,483 - INFO - 数据已变化或首次构建，开始异步构建网络图...
2026-05-07 20:05:01,865 - INFO - 网络图构建完成并已缓存
2026-05-07 20:26:35,144 - INFO - UI框架已显示，开始延迟加载其他标签页...
2026-05-07 20:26:35,150 - INFO - 小说助手 started
2026-05-07 20:26:35,978 - INFO - 正在延迟加载标签页: summary
2026-05-07 20:26:36,082 - INFO - 正在延迟加载标签页: monitor
2026-05-07 20:26:36,183 - INFO - 正在延迟加载标签页: keyword
2026-05-07 20:26:36,641 - INFO - 正在延迟加载标签页: config
2026-05-07 20:26:36,716 - INFO - 首次加载关键词数据...
2026-05-07 20:26:36,766 - INFO - 正在延迟加载标签页: help
2026-05-07 20:26:39,727 - INFO - 数据已变化或首次构建，开始异步构建网络图...
2026-05-07 20:26:40,171 - INFO - 网络图构建完成并已缓存
2026-05-07 20:27:18,003 - INFO - 已创建默认配置文件: e:\.novel_saver\NovelStorage\novelhelper\NovelHelper.ini
2026-05-07 20:27:27,655 - INFO - UI框架已显示，开始延迟加载其他标签页...
2026-05-07 20:27:27,665 - INFO - 小说助手 started
2026-05-07 20:27:28,520 - INFO - 正在延迟加载标签页: summary
2026-05-07 20:27:28,596 - INFO - 正在延迟加载标签页: monitor
2026-05-07 20:27:28,694 - INFO - 正在延迟加载标签页: keyword
2026-05-07 20:27:29,124 - INFO - 正在延迟加载标签页: config
2026-05-07 20:27:29,192 - INFO - 首次加载关键词数据...
2026-05-07 20:27:29,243 - INFO - 正在延迟加载标签页: help
2026-05-07 20:29:42,900 - INFO - UI框架已显示，开始延迟加载其他标签页...
2026-05-07 20:29:42,908 - INFO - 小说助手 started
2026-05-07 20:29:43,708 - INFO - 正在延迟加载标签页: summary
2026-05-07 20:29:43,793 - INFO - 正在延迟加载标签页: monitor
2026-05-07 20:29:43,887 - INFO - 正在延迟加载标签页: keyword
2026-05-07 20:29:44,258 - INFO - 正在延迟加载标签页: config
2026-05-07 20:29:44,336 - INFO - 首次加载关键词数据...
2026-05-07 20:29:44,387 - INFO - 正在延迟加载标签页: help
2026-05-07 20:35:25,194 - INFO - UI框架已显示，开始延迟加载其他标签页...
2026-05-07 20:35:25,198 - INFO - 小说助手 started
2026-05-07 20:35:25,863 - INFO - 正在延迟加载标签页: summary
2026-05-07 20:35:25,930 - INFO - 正在延迟加载标签页: monitor
2026-05-07 20:35:26,018 - INFO - 正在延迟加载标签页: keyword
2026-05-07 20:35:26,412 - INFO - 正在延迟加载标签页: config
2026-05-07 20:35:26,486 - INFO - 首次加载关键词数据...
2026-05-07 20:35:26,536 - INFO - 正在延迟加载标签页: help
2026-05-07 20:37:14,143 - INFO - Configuration saved and applied
2026-05-07 20:38:36,073 - INFO - 数据已变化或首次构建，开始异步构建网络图...
2026-05-07 20:38:36,724 - INFO - 网络图构建完成并已缓存
2026-05-07 20:57:14,775 - INFO - UI框架已显示，开始延迟加载其他标签页...
2026-05-07 20:57:14,784 - INFO - 小说助手 started
2026-05-07 20:57:15,366 - INFO - 正在延迟加载标签页: summary
2026-05-07 20:57:15,442 - INFO - 正在延迟加载标签页: monitor
2026-05-07 20:57:15,523 - INFO - 正在延迟加载标签页: keyword
2026-05-07 20:57:15,918 - INFO - 正在延迟加载标签页: config
2026-05-07 20:57:16,037 - INFO - 首次加载关键词数据...
2026-05-07 20:57:16,087 - INFO - 正在延迟加载标签页: help
2026-05-07 20:57:29,602 - INFO - 数据已变化或首次构建，开始异步构建网络图...
2026-05-07 20:57:30,359 - INFO - 网络图构建完成并已缓存
2026-05-07 20:57:58,708 - INFO - 使用缓存的网络图，跳过重新构建
2026-05-07 20:57:59,386 - INFO - Configuration saved and applied
2026-05-07 20:58:16,365 - INFO - UI框架已显示，开始延迟加载其他标签页...
2026-05-07 20:58:16,369 - INFO - 小说助手 started
2026-05-07 20:58:17,165 - INFO - 正在延迟加载标签页: summary
2026-05-07 20:58:17,235 - INFO - 正在延迟加载标签页: monitor
2026-05-07 20:58:17,325 - INFO - 正在延迟加载标签页: keyword
2026-05-07 20:58:17,678 - INFO - 正在延迟加载标签页: config
2026-05-07 20:58:17,767 - INFO - 首次加载关键词数据...
2026-05-07 20:58:17,818 - INFO - 正在延迟加载标签页: help
2026-05-07 21:26:15,467 - INFO - UI框架已显示，开始延迟加载其他标签页...
2026-05-07 21:26:15,478 - INFO - 小说助手 started
2026-05-07 21:26:16,608 - INFO - 正在延迟加载标签页: summary
2026-05-07 21:26:16,727 - INFO - 正在延迟加载标签页: monitor
2026-05-07 21:26:16,867 - INFO - 正在延迟加载标签页: keyword
2026-05-07 21:26:17,344 - INFO - 正在延迟加载标签页: config
2026-05-07 21:26:17,427 - INFO - 首次加载关键词数据...
2026-05-07 21:26:17,478 - INFO - 正在延迟加载标签页: help
2026-05-07 21:26:19,601 - INFO - 数据已变化或首次构建，开始异步构建网络图...
2026-05-07 21:26:20,850 - INFO - 网络图构建完成并已缓存
2026-05-07 21:29:26,532 - INFO - UI框架已显示，开始延迟加载其他标签页...
2026-05-07 21:29:26,539 - INFO - 小说助手 started
2026-05-07 21:29:28,052 - INFO - 正在延迟加载标签页: summary
2026-05-07 21:29:28,138 - INFO - 正在延迟加载标签页: monitor
2026-05-07 21:29:28,236 - INFO - 正在延迟加载标签页: keyword
2026-05-07 21:29:28,660 - INFO - 正在延迟加载标签页: config
2026-05-07 21:29:28,770 - INFO - 首次加载关键词数据...
2026-05-07 21:29:28,820 - INFO - 正在延迟加载标签页: help
2026-05-07 21:29:35,864 - INFO - 数据已变化或首次构建，开始异步构建网络图...
2026-05-07 21:29:36,426 - INFO - 网络图构建完成并已缓存
2026-05-07 21:42:02,669 - INFO - UI框架已显示，开始延迟加载其他标签页...
2026-05-07 21:42:02,676 - INFO - 小说助手 started
2026-05-07 21:42:03,510 - INFO - 正在延迟加载标签页: summary
2026-05-07 21:42:03,592 - INFO - 正在延迟加载标签页: monitor
2026-05-07 21:42:03,706 - INFO - 正在延迟加载标签页: keyword
2026-05-07 21:42:04,182 - INFO - 首次加载关键词数据...
2026-05-07 21:42:04,186 - INFO - 正在延迟加载标签页: config
2026-05-07 21:42:04,320 - INFO - 正在延迟加载标签页: help
2026-05-07 21:42:46,584 - INFO - 数据已变化或首次构建，开始异步构建网络图...
2026-05-07 21:42:47,453 - INFO - 网络图构建完成并已缓存
2026-05-07 21:44:36,426 - INFO - 使用缓存的网络图，跳过重新构建
2026-05-07 21:44:37,158 - INFO - Configuration saved and applied
2026-05-07 21:44:39,399 - INFO - 使用缓存的网络图，跳过重新构建
2026-05-07 21:44:40,862 - INFO - Configuration saved and applied
2026-05-07 21:44:56,988 - INFO - UI框架已显示，开始延迟加载其他标签页...
2026-05-07 21:44:56,996 - INFO - 小说助手 started
2026-05-07 21:44:58,272 - INFO - 正在延迟加载标签页: summary
2026-05-07 21:44:58,445 - INFO - 正在延迟加载标签页: monitor
2026-05-07 21:44:58,600 - INFO - 正在延迟加载标签页: keyword
2026-05-07 21:44:59,133 - INFO - 正在延迟加载标签页: config
2026-05-07 21:44:59,237 - INFO - 首次加载关键词数据...
2026-05-07 21:44:59,287 - INFO - 正在延迟加载标签页: help
2026-05-07 21:45:01,904 - INFO - 数据已变化或首次构建，开始异步构建网络图...
2026-05-07 21:45:02,766 - INFO - 网络图构建完成并已缓存
2026-05-07 21:45:57,086 - INFO - UI框架已显示，开始延迟加载其他标签页...
2026-05-07 21:45:57,092 - INFO - 小说助手 started
2026-05-07 21:45:57,821 - INFO - 正在延迟加载标签页: summary
2026-05-07 21:45:57,889 - INFO - 正在延迟加载标签页: monitor
2026-05-07 21:45:57,981 - INFO - 正在延迟加载标签页: keyword
2026-05-07 21:45:58,346 - INFO - 正在延迟加载标签页: config
2026-05-07 21:45:58,434 - INFO - 首次加载关键词数据...
2026-05-07 21:45:58,485 - INFO - 正在延迟加载标签页: help
2026-05-07 21:49:38,452 - INFO - UI框架已显示，开始延迟加载其他标签页...
2026-05-07 21:49:38,457 - INFO - 小说助手 started
2026-05-07 21:49:39,229 - INFO - 正在延迟加载标签页: summary
2026-05-07 21:49:39,317 - INFO - 正在延迟加载标签页: monitor
2026-05-07 21:49:39,436 - INFO - 正在延迟加载标签页: keyword
2026-05-07 21:49:39,938 - INFO - 正在延迟加载标签页: config
2026-05-07 21:49:40,164 - INFO - 首次加载关键词数据...
2026-05-07 21:49:40,214 - INFO - 正在延迟加载标签页: help
2026-05-07 21:53:04,108 - INFO - UI框架已显示，开始延迟加载其他标签页...
2026-05-07 21:53:04,118 - INFO - 小说助手 started
2026-05-07 21:53:04,718 - INFO - 正在延迟加载标签页: summary
2026-05-07 21:53:04,783 - INFO - 正在延迟加载标签页: monitor
2026-05-07 21:53:04,864 - INFO - 正在延迟加载标签页: keyword
2026-05-07 21:53:05,198 - INFO - 正在延迟加载标签页: config
2026-05-07 21:53:05,290 - INFO - 首次加载关键词数据...
2026-05-07 21:53:05,341 - INFO - 正在延迟加载标签页: help
2026-05-07 21:54:16,320 - INFO - 数据已变化或首次构建，开始异步构建网络图...
2026-05-07 21:54:17,381 - INFO - 网络图构建完成并已缓存
2026-05-07 22:14:53,175 - INFO - UI框架已显示，开始延迟加载其他标签页...
2026-05-07 22:14:53,186 - INFO - 小说助手 started
2026-05-07 22:14:54,029 - INFO - 正在延迟加载标签页: summary
2026-05-07 22:14:54,171 - INFO - 正在延迟加载标签页: monitor
2026-05-07 22:14:54,327 - INFO - 正在延迟加载标签页: keyword
2026-05-07 22:14:54,936 - INFO - 正在延迟加载标签页: config
2026-05-07 22:14:55,044 - INFO - 首次加载关键词数据...
2026-05-07 22:14:55,095 - INFO - 正在延迟加载标签页: help
2026-05-07 22:14:57,498 - WARNING - 组织无结构数据或不存在: 李氏宗族
2026-05-07 22:14:57,499 - WARNING - 组织无结构数据或不存在: 柳氏世家
2026-05-07 22:14:57,501 - WARNING - 组织无结构数据或不存在: 散修盟
2026-05-07 22:14:57,502 - WARNING - 组织无结构数据或不存在: 玄鉴宗
2026-05-07 22:14:57,503 - WARNING - 组织无结构数据或不存在: 血煞宗
2026-05-07 22:14:57,504 - WARNING - 组织无结构数据或不存在: 幽冥教
2026-05-07 22:14:57,506 - WARNING - 组织无结构数据或不存在: 万象阁
2026-05-07 22:14:57,544 - WARNING - 组织无结构数据或不存在: 李氏宗族
2026-05-07 22:14:57,546 - WARNING - 组织无结构数据或不存在: 柳氏世家
2026-05-07 22:14:57,548 - WARNING - 组织无结构数据或不存在: 散修盟
2026-05-07 22:14:57,550 - WARNING - 组织无结构数据或不存在: 玄鉴宗
2026-05-07 22:14:57,551 - WARNING - 组织无结构数据或不存在: 血煞宗
2026-05-07 22:14:57,553 - WARNING - 组织无结构数据或不存在: 幽冥教
2026-05-07 22:14:57,554 - WARNING - 组织无结构数据或不存在: 万象阁
2026-05-07 22:15:47,043 - WARNING - 组织无结构数据或不存在: 李氏宗族
2026-05-07 22:15:47,050 - WARNING - 组织无结构数据或不存在: 李氏宗族
2026-05-07 22:15:51,504 - INFO - 成功加载 5 个架构模板
2026-05-07 22:15:51,537 - INFO - 新组织，初始化空结构: 李氏宗族
2026-05-07 22:15:51,538 - INFO - 架构编辑器已打开: 李氏宗族
2026-05-07 22:15:58,480 - INFO - 成功加载 5 个架构模板
2026-05-07 22:15:58,480 - INFO - 应用模板: family，包含5个层级
2026-05-07 22:16:25,591 - WARNING - 组织无结构数据或不存在: 李氏宗族
2026-05-07 22:16:25,592 - WARNING - 组织无结构数据或不存在: 柳氏世家
2026-05-07 22:16:25,594 - WARNING - 组织无结构数据或不存在: 散修盟
2026-05-07 22:16:25,595 - WARNING - 组织无结构数据或不存在: 玄鉴宗
2026-05-07 22:16:25,596 - WARNING - 组织无结构数据或不存在: 血煞宗
2026-05-07 22:16:25,597 - WARNING - 组织无结构数据或不存在: 幽冥教
2026-05-07 22:16:25,599 - WARNING - 组织无结构数据或不存在: 万象阁
2026-05-07 22:16:27,687 - WARNING - 组织无结构数据或不存在: 李氏宗族
2026-05-07 22:16:27,689 - WARNING - 组织无结构数据或不存在: 柳氏世家
2026-05-07 22:16:27,690 - WARNING - 组织无结构数据或不存在: 散修盟
2026-05-07 22:16:27,692 - WARNING - 组织无结构数据或不存在: 玄鉴宗
2026-05-07 22:16:27,693 - WARNING - 组织无结构数据或不存在: 血煞宗
2026-05-07 22:16:27,695 - WARNING - 组织无结构数据或不存在: 幽冥教
2026-05-07 22:16:27,695 - WARNING - 组织无结构数据或不存在: 万象阁
2026-05-07 22:16:29,792 - WARNING - 组织无结构数据或不存在: 李氏宗族
2026-05-07 22:16:29,795 - WARNING - 组织无结构数据或不存在: 李氏宗族
2026-05-07 22:20:25,812 - INFO - UI框架已显示，开始延迟加载其他标签页...
2026-05-07 22:20:25,817 - INFO - 小说助手 started
2026-05-07 22:20:26,648 - INFO - 正在延迟加载标签页: summary
2026-05-07 22:20:26,714 - INFO - 正在延迟加载标签页: monitor
2026-05-07 22:20:26,808 - INFO - 正在延迟加载标签页: keyword
2026-05-07 22:20:27,138 - INFO - 正在延迟加载标签页: config
2026-05-07 22:20:27,220 - INFO - 首次加载关键词数据...
2026-05-07 22:20:27,270 - INFO - 正在延迟加载标签页: help
2026-05-07 22:20:30,226 - WARNING - 组织无结构数据或不存在: 李氏宗族
2026-05-07 22:20:30,227 - WARNING - 组织无结构数据或不存在: 柳氏世家
2026-05-07 22:20:30,228 - WARNING - 组织无结构数据或不存在: 散修盟
2026-05-07 22:20:30,230 - WARNING - 组织无结构数据或不存在: 玄鉴宗
2026-05-07 22:20:30,231 - WARNING - 组织无结构数据或不存在: 血煞宗
2026-05-07 22:20:30,233 - WARNING - 组织无结构数据或不存在: 幽冥教
2026-05-07 22:20:30,234 - WARNING - 组织无结构数据或不存在: 万象阁
2026-05-07 22:20:30,267 - WARNING - 组织无结构数据或不存在: 李氏宗族
2026-05-07 22:20:30,269 - WARNING - 组织无结构数据或不存在: 柳氏世家
2026-05-07 22:20:30,271 - WARNING - 组织无结构数据或不存在: 散修盟
2026-05-07 22:20:30,273 - WARNING - 组织无结构数据或不存在: 玄鉴宗
2026-05-07 22:20:30,274 - WARNING - 组织无结构数据或不存在: 血煞宗
2026-05-07 22:20:30,276 - WARNING - 组织无结构数据或不存在: 幽冥教
2026-05-07 22:20:30,278 - WARNING - 组织无结构数据或不存在: 万象阁
2026-05-07 22:23:41,207 - INFO - UI框架已显示，开始延迟加载其他标签页...
2026-05-07 22:23:41,236 - INFO - 小说助手 started
2026-05-07 22:23:42,536 - INFO - 正在延迟加载标签页: summary
2026-05-07 22:23:42,656 - INFO - 正在延迟加载标签页: monitor
2026-05-07 22:23:42,780 - INFO - 正在延迟加载标签页: keyword
2026-05-07 22:23:43,233 - INFO - 正在延迟加载标签页: config
2026-05-07 22:23:43,325 - INFO - 首次加载关键词数据...
2026-05-07 22:23:43,376 - INFO - 正在延迟加载标签页: help
2026-05-07 22:23:46,025 - WARNING - 组织无结构数据或不存在: 李氏宗族
2026-05-07 22:23:46,027 - WARNING - 组织无结构数据或不存在: 柳氏世家
2026-05-07 22:23:46,028 - WARNING - 组织无结构数据或不存在: 散修盟
2026-05-07 22:23:46,029 - WARNING - 组织无结构数据或不存在: 玄鉴宗
2026-05-07 22:23:46,030 - WARNING - 组织无结构数据或不存在: 血煞宗
2026-05-07 22:23:46,032 - WARNING - 组织无结构数据或不存在: 幽冥教
2026-05-07 22:23:46,033 - WARNING - 组织无结构数据或不存在: 万象阁
2026-05-07 22:23:46,057 - WARNING - 组织无结构数据或不存在: 李氏宗族
2026-05-07 22:23:46,058 - WARNING - 组织无结构数据或不存在: 柳氏世家
2026-05-07 22:23:46,060 - WARNING - 组织无结构数据或不存在: 散修盟
2026-05-07 22:23:46,061 - WARNING - 组织无结构数据或不存在: 玄鉴宗
2026-05-07 22:23:46,063 - WARNING - 组织无结构数据或不存在: 血煞宗
2026-05-07 22:23:46,064 - WARNING - 组织无结构数据或不存在: 幽冥教
2026-05-07 22:23:46,066 - WARNING - 组织无结构数据或不存在: 万象阁
2026-05-07 22:24:13,050 - WARNING - 组织无结构数据或不存在: 李氏宗族
2026-05-07 22:24:13,052 - WARNING - 组织无结构数据或不存在: 柳氏世家
2026-05-07 22:24:13,053 - WARNING - 组织无结构数据或不存在: 散修盟
2026-05-07 22:24:13,054 - WARNING - 组织无结构数据或不存在: 玄鉴宗
2026-05-07 22:24:13,055 - WARNING - 组织无结构数据或不存在: 血煞宗
2026-05-07 22:24:13,057 - WARNING - 组织无结构数据或不存在: 幽冥教
2026-05-07 22:24:13,058 - WARNING - 组织无结构数据或不存在: 万象阁
2026-05-07 22:24:13,968 - INFO - Configuration saved and applied
2026-05-07 22:25:37,422 - WARNING - 组织无结构数据或不存在: 李氏宗族
2026-05-07 22:25:37,432 - WARNING - 组织无结构数据或不存在: 李氏宗族
2026-05-07 22:25:41,935 - WARNING - 组织无结构数据或不存在: 李氏宗族
2026-05-07 22:25:43,696 - INFO - 成功加载 5 个架构模板
2026-05-07 22:25:43,715 - INFO - 新组织，初始化空结构: 李氏宗族
2026-05-07 22:25:43,715 - INFO - 架构编辑器已打开: 李氏宗族
2026-05-07 22:26:06,463 - INFO - 成功加载 5 个架构模板
2026-05-07 22:26:06,464 - INFO - 应用模板: sect，包含5个层级
2026-05-07 22:26:47,856 - INFO - 成功加载 5 个架构模板
2026-05-07 22:26:49,024 - INFO - 应用模板: family，包含5个层级
2026-05-07 22:27:50,634 - INFO - 删除层级: matriarch
2026-05-07 22:28:44,422 - INFO - 添加新层级: tangzhu
2026-05-07 22:28:47,225 - INFO - 上移层级: 行4
2026-05-07 22:28:48,293 - INFO - 上移层级: 行3
2026-05-07 22:28:49,908 - INFO - 上移层级: 行2
2026-05-07 22:29:09,806 - WARNING - 数据验证失败: 根节点数量错误: 应有1个根节点，当前有5个 (patriarch, tangzhu, elder, core_member, member)
2026-05-07 22:30:17,933 - WARNING - 数据验证失败: 根节点数量错误: 应有1个根节点，当前有5个 (patriarch, tangzhu, elder, core_member, member)
2026-05-07 22:30:26,741 - WARNING - 数据验证失败: 根节点数量错误: 应有1个根节点，当前有5个 (patriarch, tangzhu, elder, core_member, member)
2026-05-07 22:37:54,690 - INFO - 数据已变化或首次构建，开始异步构建网络图...
2026-05-07 22:37:55,738 - INFO - 网络图构建完成并已缓存
2026-05-07 22:38:06,233 - WARNING - 组织无结构数据或不存在: 李氏宗族
2026-05-07 22:38:06,234 - WARNING - 组织无结构数据或不存在: 柳氏世家
2026-05-07 22:38:06,236 - WARNING - 组织无结构数据或不存在: 散修盟
2026-05-07 22:38:06,237 - WARNING - 组织无结构数据或不存在: 玄鉴宗
2026-05-07 22:38:06,239 - WARNING - 组织无结构数据或不存在: 血煞宗
2026-05-07 22:38:06,240 - WARNING - 组织无结构数据或不存在: 幽冥教
2026-05-07 22:38:06,242 - WARNING - 组织无结构数据或不存在: 万象阁
2026-05-07 22:39:06,881 - INFO - UI框架已显示，开始延迟加载其他标签页...
2026-05-07 22:39:06,896 - INFO - 小说助手 started
2026-05-07 22:39:08,162 - INFO - 正在延迟加载标签页: summary
2026-05-07 22:39:08,338 - INFO - 正在延迟加载标签页: monitor
2026-05-07 22:39:08,708 - INFO - 正在延迟加载标签页: keyword
2026-05-07 22:39:09,307 - INFO - 正在延迟加载标签页: config
2026-05-07 22:39:09,440 - INFO - 首次加载关键词数据...
2026-05-07 22:39:09,491 - INFO - 正在延迟加载标签页: help
2026-05-07 22:39:12,113 - INFO - 数据已变化或首次构建，开始异步构建网络图...
2026-05-07 22:39:13,583 - INFO - 网络图构建完成并已缓存
2026-05-07 22:41:34,316 - INFO - UI框架已显示，开始延迟加载其他标签页...
2026-05-07 22:41:34,328 - INFO - 小说助手 started
2026-05-07 22:41:34,883 - INFO - 正在延迟加载标签页: summary
2026-05-07 22:41:34,952 - INFO - 正在延迟加载标签页: monitor
2026-05-07 22:41:35,031 - INFO - 正在延迟加载标签页: keyword
2026-05-07 22:41:35,384 - INFO - 正在延迟加载标签页: config
2026-05-07 22:41:35,489 - INFO - 首次加载关键词数据...
2026-05-07 22:41:35,540 - INFO - 正在延迟加载标签页: help
2026-05-07 22:41:38,419 - WARNING - 组织无结构数据或不存在: 李氏宗族
2026-05-07 22:41:38,421 - WARNING - 组织无结构数据或不存在: 柳氏世家
2026-05-07 22:41:38,422 - WARNING - 组织无结构数据或不存在: 散修盟
2026-05-07 22:41:38,424 - WARNING - 组织无结构数据或不存在: 玄鉴宗
2026-05-07 22:41:38,425 - WARNING - 组织无结构数据或不存在: 血煞宗
2026-05-07 22:41:38,427 - WARNING - 组织无结构数据或不存在: 幽冥教
2026-05-07 22:41:38,428 - WARNING - 组织无结构数据或不存在: 万象阁
2026-05-07 22:41:38,451 - WARNING - 组织无结构数据或不存在: 李氏宗族
2026-05-07 22:41:38,454 - WARNING - 组织无结构数据或不存在: 柳氏世家
2026-05-07 22:41:38,455 - WARNING - 组织无结构数据或不存在: 散修盟
2026-05-07 22:41:38,457 - WARNING - 组织无结构数据或不存在: 玄鉴宗
2026-05-07 22:41:38,459 - WARNING - 组织无结构数据或不存在: 血煞宗
2026-05-07 22:41:38,460 - WARNING - 组织无结构数据或不存在: 幽冥教
2026-05-07 22:41:38,462 - WARNING - 组织无结构数据或不存在: 万象阁
2026-05-07 22:41:42,430 - WARNING - 组织无结构数据或不存在: 李氏宗族
2026-05-07 22:41:42,439 - WARNING - 组织无结构数据或不存在: 李氏宗族
2026-05-07 22:41:45,221 - INFO - 成功加载 5 个架构模板
2026-05-07 22:41:45,254 - INFO - 新组织，初始化空结构: 李氏宗族
2026-05-07 22:41:45,255 - INFO - 架构编辑器已打开: 李氏宗族
2026-05-07 22:42:01,721 - INFO - 成功加载 5 个架构模板
2026-05-07 22:42:01,732 - INFO - 新组织，初始化空结构: 李氏宗族
2026-05-07 22:42:01,733 - INFO - 架构编辑器已打开: 李氏宗族
2026-05-07 22:42:43,362 - INFO - 成功加载 5 个架构模板
2026-05-07 22:42:43,362 - INFO - 应用模板: sect，包含5个层级
2026-05-07 22:42:45,641 - INFO - 成功加载 5 个架构模板
2026-05-07 22:42:46,842 - INFO - 应用模板: family，包含5个层级
2026-05-07 22:46:49,240 - WARNING - 数据验证失败: 成员重复分配: '张清雪'同时出现在多个职位 ['core_member', 'member']
2026-05-07 22:46:54,834 - INFO - 关键词已保存到 E:/.novel_saver/NovelStorage/novel/new\.novel-enhancer.json
2026-05-07 22:46:54,834 - INFO - 架构数据保存成功: 李氏宗族
2026-05-07 22:46:54,834 - INFO - 组织 '李氏宗族' 的架构已保存
2026-05-07 22:46:54,839 - INFO - 成功加载 5 个架构模板
2026-05-07 22:47:00,451 - ERROR - 显示族谱失败: 'FamilyTreeNode' object has no attribute 'setRadiusX'
2026-05-07 22:47:29,816 - ERROR - 显示族谱失败: 'FamilyTreeNode' object has no attribute 'setRadiusX'
2026-05-07 22:47:37,577 - INFO - 成功加载 5 个架构模板
2026-05-07 22:47:37,588 - INFO - 加载现有架构数据: 李氏宗族
2026-05-07 22:47:37,601 - INFO - 架构编辑器已打开: 李氏宗族
2026-05-07 22:47:49,978 - ERROR - 显示族谱失败: 'FamilyTreeNode' object has no attribute 'setRadiusX'
2026-05-07 22:55:58,914 - INFO - UI框架已显示，开始延迟加载其他标签页...
2026-05-07 22:55:58,918 - INFO - 小说助手 started
2026-05-07 22:55:59,712 - INFO - 正在延迟加载标签页: summary
2026-05-07 22:55:59,914 - INFO - 正在延迟加载标签页: monitor
2026-05-07 22:56:00,115 - INFO - 正在延迟加载标签页: keyword
2026-05-07 22:56:00,231 - INFO - 正在延迟加载标签页: config
2026-05-07 22:56:00,489 - INFO - 首次加载关键词数据...
2026-05-07 22:56:00,539 - INFO - 正在延迟加载标签页: help
2026-05-07 22:56:03,215 - WARNING - 组织无结构数据或不存在: 柳氏世家
2026-05-07 22:56:03,216 - WARNING - 组织无结构数据或不存在: 散修盟
2026-05-07 22:56:03,217 - WARNING - 组织无结构数据或不存在: 玄鉴宗
2026-05-07 22:56:03,220 - WARNING - 组织无结构数据或不存在: 血煞宗
2026-05-07 22:56:03,221 - WARNING - 组织无结构数据或不存在: 幽冥教
2026-05-07 22:56:03,223 - WARNING - 组织无结构数据或不存在: 万象阁
2026-05-07 22:56:03,251 - WARNING - 组织无结构数据或不存在: 柳氏世家
2026-05-07 22:56:03,254 - WARNING - 组织无结构数据或不存在: 散修盟
2026-05-07 22:56:03,256 - WARNING - 组织无结构数据或不存在: 玄鉴宗
2026-05-07 22:56:03,257 - WARNING - 组织无结构数据或不存在: 血煞宗
2026-05-07 22:56:03,259 - WARNING - 组织无结构数据或不存在: 幽冥教
2026-05-07 22:56:03,262 - WARNING - 组织无结构数据或不存在: 万象阁
2026-05-07 22:56:04,537 - INFO - 成功加载 5 个架构模板
2026-05-07 22:56:04,555 - INFO - 成功加载 5 个架构模板
2026-05-07 22:56:05,501 - ERROR - 显示族谱失败: setBrush(self, brush: Union[QBrush, Union[QColor, Qt.GlobalColor], QGradient]): argument 1 has unexpected type 'BrushStyle'
2026-05-07 22:56:12,712 - INFO - 从组织详情点击人物: 张清雪
2026-05-07 22:56:15,976 - INFO - 从组织详情点击人物: 李玄霜
2026-05-07 22:58:23,654 - INFO - UI框架已显示，开始延迟加载其他标签页...
2026-05-07 22:58:23,673 - INFO - 小说助手 started
2026-05-07 22:58:25,683 - INFO - 正在延迟加载标签页: summary
2026-05-07 22:58:25,841 - INFO - 正在延迟加载标签页: monitor
2026-05-07 22:58:26,008 - INFO - 正在延迟加载标签页: keyword
2026-05-07 22:58:26,122 - INFO - 正在延迟加载标签页: config
2026-05-07 22:58:26,312 - INFO - 首次加载关键词数据...
2026-05-07 22:58:26,362 - INFO - 正在延迟加载标签页: help
2026-05-07 22:58:28,870 - INFO - 数据已变化或首次构建，开始异步构建网络图...
2026-05-07 22:58:30,159 - INFO - 网络图构建完成并已缓存
2026-05-07 23:00:42,703 - INFO - UI框架已显示，开始延迟加载其他标签页...
2026-05-07 23:00:42,709 - INFO - 小说助手 started
2026-05-07 23:00:43,501 - INFO - 正在延迟加载标签页: summary
2026-05-07 23:00:43,578 - INFO - 正在延迟加载标签页: monitor
2026-05-07 23:00:43,679 - INFO - 正在延迟加载标签页: keyword
2026-05-07 23:00:43,759 - INFO - 首次加载关键词数据...
2026-05-07 23:00:43,765 - INFO - 正在延迟加载标签页: config
2026-05-07 23:00:43,954 - INFO - 正在延迟加载标签页: help
2026-05-07 23:00:46,607 - WARNING - 组织无结构数据或不存在: 柳氏世家
2026-05-07 23:00:46,608 - WARNING - 组织无结构数据或不存在: 散修盟
2026-05-07 23:00:46,609 - WARNING - 组织无结构数据或不存在: 玄鉴宗
2026-05-07 23:00:46,611 - WARNING - 组织无结构数据或不存在: 血煞宗
2026-05-07 23:00:46,613 - WARNING - 组织无结构数据或不存在: 幽冥教
2026-05-07 23:00:46,614 - WARNING - 组织无结构数据或不存在: 万象阁
2026-05-07 23:00:46,639 - WARNING - 组织无结构数据或不存在: 柳氏世家
2026-05-07 23:00:46,641 - WARNING - 组织无结构数据或不存在: 散修盟
2026-05-07 23:00:46,643 - WARNING - 组织无结构数据或不存在: 玄鉴宗
2026-05-07 23:00:46,644 - WARNING - 组织无结构数据或不存在: 血煞宗
2026-05-07 23:00:46,646 - WARNING - 组织无结构数据或不存在: 幽冥教
2026-05-07 23:00:46,648 - WARNING - 组织无结构数据或不存在: 万象阁
2026-05-07 23:00:50,330 - INFO - 成功加载 5 个架构模板
2026-05-07 23:00:50,343 - INFO - 成功加载 5 个架构模板
2026-05-07 23:00:51,203 - ERROR - 显示族谱失败: setBrush(self, brush: Union[QBrush, Union[QColor, Qt.GlobalColor], QGradient]): argument 1 has unexpected type 'BrushStyle'
2026-05-07 23:00:55,100 - WARNING - 组织无结构数据或不存在: 柳氏世家
2026-05-07 23:00:55,101 - WARNING - 组织无结构数据或不存在: 散修盟
2026-05-07 23:00:55,103 - WARNING - 组织无结构数据或不存在: 玄鉴宗
2026-05-07 23:00:55,104 - WARNING - 组织无结构数据或不存在: 血煞宗
2026-05-07 23:00:55,107 - WARNING - 组织无结构数据或不存在: 幽冥教
2026-05-07 23:00:55,108 - WARNING - 组织无结构数据或不存在: 万象阁
2026-05-07 23:01:53,089 - INFO - 数据已变化或首次构建，开始异步构建网络图...
2026-05-07 23:01:54,033 - INFO - 网络图构建完成并已缓存
2026-05-07 23:03:35,560 - INFO - UI框架已显示，开始延迟加载其他标签页...
2026-05-07 23:03:35,568 - INFO - 小说助手 started
2026-05-07 23:03:37,553 - INFO - 正在延迟加载标签页: summary
2026-05-07 23:03:37,632 - INFO - 正在延迟加载标签页: monitor
2026-05-07 23:03:37,722 - INFO - 正在延迟加载标签页: keyword
2026-05-07 23:03:37,804 - INFO - 正在延迟加载标签页: config
2026-05-07 23:03:37,928 - INFO - 首次加载关键词数据...
2026-05-07 23:03:37,978 - INFO - 正在延迟加载标签页: help
2026-05-07 23:03:40,026 - INFO - 数据已变化或首次构建，开始异步构建网络图...
2026-05-07 23:03:41,606 - INFO - 网络图构建完成并已缓存
2026-05-07 23:05:45,797 - INFO - UI框架已显示，开始延迟加载其他标签页...
2026-05-07 23:05:45,803 - INFO - 小说助手 started
2026-05-07 23:05:46,582 - INFO - 正在延迟加载标签页: summary
2026-05-07 23:05:46,647 - INFO - 正在延迟加载标签页: monitor
2026-05-07 23:05:46,736 - INFO - 正在延迟加载标签页: keyword
2026-05-07 23:05:46,807 - INFO - 正在延迟加载标签页: config
2026-05-07 23:05:46,911 - INFO - 首次加载关键词数据...
2026-05-07 23:05:46,961 - INFO - 正在延迟加载标签页: help
2026-05-07 23:05:50,539 - WARNING - 组织无结构数据或不存在: 柳氏世家
2026-05-07 23:05:50,541 - WARNING - 组织无结构数据或不存在: 散修盟
2026-05-07 23:05:50,543 - WARNING - 组织无结构数据或不存在: 玄鉴宗
2026-05-07 23:05:50,545 - WARNING - 组织无结构数据或不存在: 血煞宗
2026-05-07 23:05:50,547 - WARNING - 组织无结构数据或不存在: 幽冥教
2026-05-07 23:05:50,549 - WARNING - 组织无结构数据或不存在: 万象阁
2026-05-07 23:05:50,582 - WARNING - 组织无结构数据或不存在: 柳氏世家
2026-05-07 23:05:50,586 - WARNING - 组织无结构数据或不存在: 散修盟
2026-05-07 23:05:50,588 - WARNING - 组织无结构数据或不存在: 玄鉴宗
2026-05-07 23:05:50,590 - WARNING - 组织无结构数据或不存在: 血煞宗
2026-05-07 23:05:50,592 - WARNING - 组织无结构数据或不存在: 幽冥教
2026-05-07 23:05:50,595 - WARNING - 组织无结构数据或不存在: 万象阁
2026-05-07 23:05:51,729 - INFO - 成功加载 5 个架构模板
2026-05-07 23:05:51,744 - INFO - 成功加载 5 个架构模板
2026-05-07 23:06:31,702 - INFO - UI框架已显示，开始延迟加载其他标签页...
2026-05-07 23:06:31,707 - INFO - 小说助手 started
2026-05-07 23:06:32,191 - INFO - 正在延迟加载标签页: summary
2026-05-07 23:06:32,248 - INFO - 正在延迟加载标签页: monitor
2026-05-07 23:06:32,322 - INFO - 正在延迟加载标签页: keyword
2026-05-07 23:06:32,390 - INFO - 正在延迟加载标签页: config
2026-05-07 23:06:32,495 - INFO - 首次加载关键词数据...
2026-05-07 23:06:32,545 - INFO - 正在延迟加载标签页: help
2026-05-07 23:06:35,000 - WARNING - 组织无结构数据或不存在: 柳氏世家
2026-05-07 23:06:35,001 - WARNING - 组织无结构数据或不存在: 散修盟
2026-05-07 23:06:35,003 - WARNING - 组织无结构数据或不存在: 玄鉴宗
2026-05-07 23:06:35,005 - WARNING - 组织无结构数据或不存在: 血煞宗
2026-05-07 23:06:35,006 - WARNING - 组织无结构数据或不存在: 幽冥教
2026-05-07 23:06:35,008 - WARNING - 组织无结构数据或不存在: 万象阁
2026-05-07 23:06:35,039 - WARNING - 组织无结构数据或不存在: 柳氏世家
2026-05-07 23:06:35,041 - WARNING - 组织无结构数据或不存在: 散修盟
2026-05-07 23:06:35,044 - WARNING - 组织无结构数据或不存在: 玄鉴宗
2026-05-07 23:06:35,045 - WARNING - 组织无结构数据或不存在: 血煞宗
2026-05-07 23:06:35,047 - WARNING - 组织无结构数据或不存在: 幽冥教
2026-05-07 23:06:35,049 - WARNING - 组织无结构数据或不存在: 万象阁
2026-05-07 23:06:36,617 - INFO - 成功加载 5 个架构模板
2026-05-07 23:06:36,632 - INFO - 成功加载 5 个架构模板
2026-05-07 23:06:42,362 - INFO - 成功加载 5 个架构模板
2026-05-07 23:06:42,378 - INFO - 加载现有架构数据: 李氏宗族
2026-05-07 23:06:42,394 - INFO - 架构编辑器已打开: 李氏宗族
2026-05-07 23:14:52,033 - INFO - UI框架已显示，开始延迟加载其他标签页...
2026-05-07 23:14:52,044 - INFO - 小说助手 started
2026-05-07 23:14:52,948 - INFO - 正在延迟加载标签页: summary
2026-05-07 23:14:53,018 - INFO - 正在延迟加载标签页: monitor
2026-05-07 23:14:53,119 - INFO - 正在延迟加载标签页: keyword
2026-05-07 23:14:53,198 - INFO - 正在延迟加载标签页: config
2026-05-07 23:14:53,324 - INFO - 首次加载关键词数据...
2026-05-07 23:14:53,374 - INFO - 正在延迟加载标签页: help
2026-05-07 23:14:57,200 - INFO - 数据已变化或首次构建，开始异步构建网络图...
2026-05-07 23:14:58,732 - INFO - 网络图构建完成并已缓存
2026-05-07 23:16:49,455 - WARNING - 组织无结构数据或不存在: 柳氏世家
2026-05-07 23:16:49,458 - WARNING - 组织无结构数据或不存在: 散修盟
2026-05-07 23:16:49,460 - WARNING - 组织无结构数据或不存在: 玄鉴宗
2026-05-07 23:16:49,461 - WARNING - 组织无结构数据或不存在: 血煞宗
2026-05-07 23:16:49,463 - WARNING - 组织无结构数据或不存在: 幽冥教
2026-05-07 23:16:49,464 - WARNING - 组织无结构数据或不存在: 万象阁
2026-05-07 23:16:49,503 - WARNING - 组织无结构数据或不存在: 柳氏世家
2026-05-07 23:16:49,505 - WARNING - 组织无结构数据或不存在: 散修盟
2026-05-07 23:16:49,507 - WARNING - 组织无结构数据或不存在: 玄鉴宗
2026-05-07 23:16:49,510 - WARNING - 组织无结构数据或不存在: 血煞宗
2026-05-07 23:16:49,512 - WARNING - 组织无结构数据或不存在: 幽冥教
2026-05-07 23:16:49,514 - WARNING - 组织无结构数据或不存在: 万象阁
2026-05-07 23:16:50,842 - INFO - 成功加载 5 个架构模板
2026-05-07 23:16:50,855 - INFO - 成功加载 5 个架构模板
2026-05-07 23:16:55,659 - INFO - 成功加载 5 个架构模板
2026-05-07 23:16:55,677 - INFO - 加载现有架构数据: 李氏宗族
2026-05-07 23:16:55,692 - INFO - 架构编辑器已打开: 李氏宗族
2026-05-07 23:24:14,406 - INFO - UI框架已显示，开始延迟加载其他标签页...
2026-05-07 23:24:14,411 - INFO - 小说助手 started
2026-05-07 23:24:15,112 - INFO - 正在延迟加载标签页: summary
2026-05-07 23:24:15,184 - INFO - 正在延迟加载标签页: monitor
2026-05-07 23:24:15,281 - INFO - 正在延迟加载标签页: keyword
2026-05-07 23:24:15,352 - INFO - 首次加载关键词数据...
2026-05-07 23:24:15,356 - INFO - 正在延迟加载标签页: config
2026-05-07 23:24:15,506 - INFO - 正在延迟加载标签页: help
2026-05-07 23:24:17,372 - INFO - 数据已变化或首次构建，开始异步构建网络图...
2026-05-07 23:24:18,340 - INFO - 网络图构建完成并已缓存
2026-05-07 23:25:04,978 - INFO - UI框架已显示，开始延迟加载其他标签页...
2026-05-07 23:25:04,991 - INFO - 已初始化 3 条默认自定义规则
2026-05-07 23:25:04,992 - INFO - 小说助手 started
2026-05-07 23:25:06,240 - INFO - 正在延迟加载标签页: summary
2026-05-07 23:25:06,321 - INFO - 正在延迟加载标签页: monitor
2026-05-07 23:25:06,429 - INFO - 正在延迟加载标签页: keyword
2026-05-07 23:25:06,514 - INFO - 正在延迟加载标签页: config
2026-05-07 23:25:06,666 - INFO - 首次加载关键词数据...
2026-05-07 23:25:06,716 - INFO - 正在延迟加载标签页: help
2026-05-07 23:25:19,091 - INFO - 数据已变化或首次构建，开始异步构建网络图...
2026-05-07 23:25:19,949 - INFO - 网络图构建完成并已缓存
2026-05-07 23:31:44,038 - INFO - UI框架已显示，开始延迟加载其他标签页...
2026-05-07 23:31:44,043 - INFO - 小说助手 started
2026-05-07 23:31:44,530 - INFO - 正在延迟加载标签页: summary
2026-05-07 23:31:44,602 - INFO - 正在延迟加载标签页: monitor
2026-05-07 23:31:44,698 - INFO - 正在延迟加载标签页: keyword
2026-05-07 23:31:44,769 - INFO - 正在延迟加载标签页: config
2026-05-07 23:31:44,869 - INFO - 首次加载关键词数据...
2026-05-07 23:31:44,920 - INFO - 正在延迟加载标签页: help
2026-05-07 23:31:46,749 - INFO - 数据已变化或首次构建，开始异步构建网络图...
2026-05-07 23:31:47,190 - INFO - 网络图构建完成并已缓存
2026-05-07 23:32:16,818 - INFO - UI框架已显示，开始延迟加载其他标签页...
2026-05-07 23:32:16,826 - INFO - 小说助手 started
2026-05-07 23:32:17,861 - INFO - 正在延迟加载标签页: summary
2026-05-07 23:32:17,931 - INFO - 正在延迟加载标签页: monitor
2026-05-07 23:32:18,028 - INFO - 正在延迟加载标签页: keyword
2026-05-07 23:32:18,108 - INFO - 正在延迟加载标签页: config
2026-05-07 23:32:18,220 - INFO - 首次加载关键词数据...
2026-05-07 23:32:18,270 - INFO - 正在延迟加载标签页: help
2026-05-07 23:32:20,300 - INFO - 数据已变化或首次构建，开始异步构建网络图...
2026-05-07 23:32:20,701 - INFO - 网络图构建完成并已缓存
2026-05-07 23:40:17,903 - INFO - UI框架已显示，开始延迟加载其他标签页...
2026-05-07 23:40:17,916 - INFO - 已初始化 3 条默认自定义规则
2026-05-07 23:40:17,917 - INFO - 小说助手 started
2026-05-07 23:40:18,843 - INFO - 正在延迟加载标签页: summary
2026-05-07 23:40:18,921 - INFO - 正在延迟加载标签页: monitor
2026-05-07 23:40:19,025 - INFO - 正在延迟加载标签页: keyword
2026-05-07 23:40:19,106 - INFO - 正在延迟加载标签页: config
2026-05-07 23:40:19,243 - INFO - 首次加载关键词数据...
2026-05-07 23:40:19,293 - INFO - 正在延迟加载标签页: help
2026-05-07 23:40:20,917 - INFO - 数据已变化或首次构建，开始异步构建网络图...
2026-05-07 23:40:21,001 - INFO - 网络图构建完成并已缓存
2026-05-07 23:40:29,647 - INFO - 数据已变化或首次构建，开始异步构建网络图...
2026-05-07 23:40:30,026 - INFO - 网络图构建完成并已缓存
2026-05-07 23:41:01,881 - INFO - 使用缓存的网络图，跳过重新构建
2026-05-07 23:41:02,559 - INFO - Configuration saved and applied
2026-05-07 23:41:09,853 - INFO - UI框架已显示，开始延迟加载其他标签页...
2026-05-07 23:41:09,868 - INFO - 已初始化 3 条默认自定义规则
2026-05-07 23:41:09,868 - INFO - 小说助手 started
2026-05-07 23:41:11,183 - INFO - 正在延迟加载标签页: summary
2026-05-07 23:41:11,334 - INFO - 正在延迟加载标签页: monitor
2026-05-07 23:41:11,441 - INFO - 正在延迟加载标签页: keyword
2026-05-07 23:41:11,535 - INFO - 正在延迟加载标签页: config
2026-05-07 23:41:11,673 - INFO - 首次加载关键词数据...
2026-05-07 23:41:11,724 - INFO - 正在延迟加载标签页: help
2026-05-07 23:41:14,397 - INFO - 数据已变化或首次构建，开始异步构建网络图...
2026-05-07 23:41:14,830 - INFO - 网络图构建完成并已缓存
2026-05-07 23:41:24,830 - INFO - 使用缓存的网络图，跳过重新构建
2026-05-07 23:41:25,439 - INFO - Configuration saved and applied
2026-05-07 23:42:16,115 - INFO - 使用缓存的网络图，跳过重新构建
2026-05-07 23:42:16,887 - INFO - Configuration saved and applied
2026-05-07 23:48:45,932 - INFO - UI框架已显示，开始延迟加载其他标签页...
2026-05-07 23:48:45,946 - INFO - 已初始化 3 条默认自定义规则
2026-05-07 23:48:45,946 - INFO - 小说助手 started
2026-05-07 23:48:46,893 - INFO - 正在延迟加载标签页: summary
2026-05-07 23:48:46,979 - INFO - 正在延迟加载标签页: monitor
2026-05-07 23:48:47,077 - INFO - 正在延迟加载标签页: keyword
2026-05-07 23:48:47,151 - INFO - 正在延迟加载标签页: config
2026-05-07 23:48:47,294 - INFO - 首次加载关键词数据...
2026-05-07 23:48:47,344 - INFO - 正在延迟加载标签页: help
2026-05-07 23:52:21,024 - INFO - UI框架已显示，开始延迟加载其他标签页...
2026-05-07 23:52:21,032 - INFO - 已初始化 3 条默认自定义规则
2026-05-07 23:52:21,032 - INFO - 小说助手 started
2026-05-07 23:52:21,974 - INFO - 正在延迟加载标签页: summary
2026-05-07 23:52:22,065 - INFO - 正在延迟加载标签页: monitor
2026-05-07 23:52:22,169 - INFO - 正在延迟加载标签页: keyword
2026-05-07 23:52:22,254 - INFO - 首次加载关键词数据...
2026-05-07 23:52:22,262 - INFO - 正在延迟加载标签页: config
2026-05-07 23:52:22,512 - INFO - 正在延迟加载标签页: help
2026-05-07 23:52:24,590 - INFO - 数据已变化或首次构建，开始异步构建网络图...
2026-05-07 23:52:25,222 - INFO - 网络图构建完成并已缓存
