2026-05-11 00:01:43 - INFO - ============================================================
2026-05-11 00:01:43 - INFO - NovelHelper 启动中...
2026-05-11 00:01:43 - INFO - 加载翻译文件: en_US.json
2026-05-11 00:01:43 - INFO - 加载翻译文件: ja_JP.json
2026-05-11 00:01:43 - INFO - 加载翻译文件: zh_CN.json
2026-05-11 00:01:43 - INFO - 加载翻译文件: en_US.json
2026-05-11 00:01:43 - INFO - 加载翻译文件: ja_JP.json
2026-05-11 00:01:43 - INFO - 加载翻译文件: zh_CN.json
2026-05-11 00:01:43 - INFO - 已发现 2 个主题: ['fluent', 'matrix']
2026-05-11 00:01:44 - INFO - 已发现 2 个主题: ['fluent', 'matrix']
2026-05-11 00:01:44 - INFO - 主题切换为: fluent
2026-05-11 00:01:44 - INFO - 创建标签页: create
2026-05-11 00:01:44 - INFO - [初始化与创建章节] 创建实例
2026-05-11 00:01:44 - INFO - [初始化与创建章节] 开始延迟初始化...
2026-05-11 00:01:44 - INFO - [初始化与创建章节] 初始化完成
2026-05-11 00:01:45 - INFO - 已应用全局样式表 - 当前主题: fluent
2026-05-11 00:01:45 - INFO - 小说助手 started
2026-05-11 00:01:45 - INFO - NovelHelper 启动成功！
2026-05-11 00:01:45 - INFO - [摘要与合并工具] 创建实例
2026-05-11 00:01:45 - INFO - [监控管理] 创建实例
2026-05-11 00:01:45 - INFO - [关键词管理] 创建实例
2026-05-11 00:01:45 - INFO - [统计与分析] 创建实例
2026-05-11 00:01:45 - INFO - [参数配置] 创建实例
2026-05-11 00:01:45 - INFO - [使用说明] 创建实例
2026-05-11 00:01:46 - INFO - [监控管理] 开始延迟初始化...
2026-05-11 00:01:46 - INFO - [监控管理] 初始化完成
2026-05-11 00:01:46 - INFO - [摘要与合并工具] 开始延迟初始化...
2026-05-11 00:01:46 - INFO - [摘要与合并工具] 初始化完成
2026-05-11 00:01:46 - INFO - [关键词管理] 开始延迟初始化...
2026-05-11 00:01:46 - INFO - 首次加载关键词数据...
2026-05-11 00:01:46 - INFO - [关键词管理] 初始化完成
2026-05-11 00:01:48 - INFO - 已显示组织列表: 7个
2026-05-11 00:01:48 - INFO - 成功加载 5 个架构模板
2026-05-11 00:01:48 - INFO - 已切换到组织卡视图: 李氏宗族
2026-05-11 00:01:49 - INFO - 编辑架构: 李氏宗族
2026-05-11 00:01:49 - ERROR - 加载数据失败 [李氏宗族]: addPath(self, path: QPainterPath, pen: Union[QPen, Union[QColor, Qt.GlobalColor]] = QPen(), brush: Union[QBrush, Union[QColor, Qt.GlobalColor], QGradient] = QBrush()): argument 1 has unexpected type 'QPen'
2026-05-11 00:01:49 - INFO - 架构编辑器已打开: 李氏宗族
2026-05-11 00:02:30 - INFO - ============================================================
2026-05-11 00:02:30 - INFO - NovelHelper 启动中...
2026-05-11 00:02:31 - INFO - 加载翻译文件: en_US.json
2026-05-11 00:02:31 - INFO - 加载翻译文件: ja_JP.json
2026-05-11 00:02:31 - INFO - 加载翻译文件: zh_CN.json
2026-05-11 00:02:31 - INFO - 加载翻译文件: en_US.json
2026-05-11 00:02:31 - INFO - 加载翻译文件: ja_JP.json
2026-05-11 00:02:31 - INFO - 加载翻译文件: zh_CN.json
2026-05-11 00:02:31 - INFO - 已发现 2 个主题: ['fluent', 'matrix']
2026-05-11 00:02:31 - INFO - 已发现 2 个主题: ['fluent', 'matrix']
2026-05-11 00:02:31 - INFO - 主题切换为: fluent
2026-05-11 00:02:32 - INFO - 创建标签页: create
2026-05-11 00:02:32 - INFO - [初始化与创建章节] 创建实例
2026-05-11 00:02:32 - INFO - [初始化与创建章节] 开始延迟初始化...
2026-05-11 00:02:32 - INFO - [初始化与创建章节] 初始化完成
2026-05-11 00:02:32 - INFO - 已应用全局样式表 - 当前主题: fluent
2026-05-11 00:02:32 - INFO - 小说助手 started
2026-05-11 00:02:33 - INFO - NovelHelper 启动成功！
2026-05-11 00:02:33 - INFO - [摘要与合并工具] 创建实例
2026-05-11 00:02:33 - INFO - [监控管理] 创建实例
2026-05-11 00:02:33 - INFO - [关键词管理] 创建实例
2026-05-11 00:02:33 - INFO - [统计与分析] 创建实例
2026-05-11 00:02:33 - INFO - [参数配置] 创建实例
2026-05-11 00:02:33 - INFO - [使用说明] 创建实例
2026-05-11 00:02:33 - INFO - [摘要与合并工具] 开始延迟初始化...
2026-05-11 00:02:33 - INFO - [摘要与合并工具] 初始化完成
2026-05-11 00:02:34 - INFO - [监控管理] 开始延迟初始化...
2026-05-11 00:02:34 - INFO - [监控管理] 初始化完成
2026-05-11 00:02:34 - INFO - [关键词管理] 开始延迟初始化...
2026-05-11 00:02:34 - INFO - 首次加载关键词数据...
2026-05-11 00:02:34 - INFO - [关键词管理] 初始化完成
2026-05-11 00:02:39 - INFO - 已显示组织列表: 7个
2026-05-11 00:02:40 - INFO - 成功加载 5 个架构模板
2026-05-11 00:02:40 - INFO - 已切换到组织卡视图: 李氏宗族
2026-05-11 00:02:41 - INFO - 编辑架构: 李氏宗族
2026-05-11 00:02:41 - ERROR - 加载数据失败 [李氏宗族]: addPath(self, path: QPainterPath, pen: Union[QPen, Union[QColor, Qt.GlobalColor]] = QPen(), brush: Union[QBrush, Union[QColor, Qt.GlobalColor], QGradient] = QBrush()): argument 1 has unexpected type 'QPen'
2026-05-11 00:02:41 - INFO - 架构编辑器已打开: 李氏宗族
2026-05-11 00:04:04 - INFO - 导出架构图: 李氏宗族
2026-05-11 00:04:04 - INFO - 成功加载 5 个架构模板
2026-05-11 00:04:09 - INFO - 编辑架构: 李氏宗族
2026-05-11 00:04:09 - ERROR - 加载数据失败 [李氏宗族]: addPath(self, path: QPainterPath, pen: Union[QPen, Union[QColor, Qt.GlobalColor]] = QPen(), brush: Union[QBrush, Union[QColor, Qt.GlobalColor], QGradient] = QBrush()): argument 1 has unexpected type 'QPen'
2026-05-11 00:04:09 - INFO - 架构编辑器已打开: 李氏宗族
2026-05-11 00:04:49 - INFO - ============================================================
2026-05-11 00:04:49 - INFO - NovelHelper 启动中...
2026-05-11 00:04:50 - INFO - 加载翻译文件: en_US.json
2026-05-11 00:04:50 - INFO - 加载翻译文件: ja_JP.json
2026-05-11 00:04:50 - INFO - 加载翻译文件: zh_CN.json
2026-05-11 00:04:50 - INFO - 加载翻译文件: en_US.json
2026-05-11 00:04:50 - INFO - 加载翻译文件: ja_JP.json
2026-05-11 00:04:50 - INFO - 加载翻译文件: zh_CN.json
2026-05-11 00:04:50 - INFO - 已发现 2 个主题: ['fluent', 'matrix']
2026-05-11 00:04:50 - INFO - 已发现 2 个主题: ['fluent', 'matrix']
2026-05-11 00:04:50 - INFO - 主题切换为: fluent
2026-05-11 00:04:52 - INFO - 创建标签页: create
2026-05-11 00:04:52 - INFO - [初始化与创建章节] 创建实例
2026-05-11 00:04:52 - INFO - [初始化与创建章节] 开始延迟初始化...
2026-05-11 00:04:52 - INFO - [初始化与创建章节] 初始化完成
2026-05-11 00:04:52 - INFO - 已应用全局样式表 - 当前主题: fluent
2026-05-11 00:04:52 - INFO - 小说助手 started
2026-05-11 00:04:53 - INFO - NovelHelper 启动成功！
2026-05-11 00:04:53 - INFO - [摘要与合并工具] 创建实例
2026-05-11 00:04:53 - INFO - [监控管理] 创建实例
2026-05-11 00:04:53 - INFO - [关键词管理] 创建实例
2026-05-11 00:04:53 - INFO - [统计与分析] 创建实例
2026-05-11 00:04:53 - INFO - [参数配置] 创建实例
2026-05-11 00:04:53 - INFO - [使用说明] 创建实例
2026-05-11 00:04:54 - INFO - [关键词管理] 开始延迟初始化...
2026-05-11 00:04:54 - INFO - 首次加载关键词数据...
2026-05-11 00:04:54 - INFO - [关键词管理] 初始化完成
2026-05-11 00:04:54 - INFO - [监控管理] 开始延迟初始化...
2026-05-11 00:04:54 - INFO - [监控管理] 初始化完成
2026-05-11 00:04:55 - INFO - [摘要与合并工具] 开始延迟初始化...
2026-05-11 00:04:55 - INFO - [摘要与合并工具] 初始化完成
2026-05-11 00:04:57 - INFO - 已显示组织列表: 7个
2026-05-11 00:04:58 - INFO - 成功加载 5 个架构模板
2026-05-11 00:04:58 - INFO - 已切换到组织卡视图: 李氏宗族
2026-05-11 00:04:59 - INFO - 编辑架构: 李氏宗族
2026-05-11 00:04:59 - INFO - 架构编辑器已打开: 李氏宗族
2026-05-11 00:05:12 - INFO - [监控管理] 资源已清理
2026-05-11 00:05:12 - INFO - [监控管理] 资源已清理
